CRITICAL - 2025-06-10 09:14:51 --> 22 : The requested URL returned error: 400 
in SYSTEMPATH\HTTP\CURLRequest.php on line 675.
 1 SYSTEMPATH\HTTP\CURLRequest.php(675): CodeIgniter\HTTP\Exceptions\HTTPException::forCurlError('22', 'The requested URL returned error: 400 ')
 2 SYSTEMPATH\HTTP\CURLRequest.php(381): CodeIgniter\HTTP\CURLRequest->sendRequest([...])
 3 SYSTEMPATH\HTTP\CURLRequest.php(143): CodeIgniter\HTTP\CURLRequest->send('get', 'https://logam-mulia-api.vercel.app/prices/antam')
 4 SYSTEMPATH\HTTP\CURLRequest.php(176): CodeIgniter\HTTP\CURLRequest->request('get', 'https://logam-mulia-api.vercel.app/prices/antam', [])
 5 APPPATH\Controllers\ZakatController.php(33): CodeIgniter\HTTP\CURLRequest->get('https://logam-mulia-api.vercel.app/prices/antam')
 6 SYSTEMPATH\CodeIgniter.php(932): App\Controllers\ZakatController->getHargaEmas()
 7 SYSTEMPATH\CodeIgniter.php(497): CodeIgniter\CodeIgniter->runController(Object(App\Controllers\ZakatController))
 8 SYSTEMPATH\CodeIgniter.php(366): CodeIgniter\CodeIgniter->handleRequest(null, Object(Config\Cache), false)
 9 FCPATH\index.php(67): CodeIgniter\CodeIgniter->run()
10 SYSTEMPATH\Commands\Server\rewrite.php(47): require_once('D:\\Codeigniter\\ramadhanproject\\public\\index.php')
CRITICAL - 2025-06-10 09:17:20 --> 22 : The requested URL returned error: 400 
in SYSTEMPATH\HTTP\CURLRequest.php on line 675.
 1 SYSTEMPATH\HTTP\CURLRequest.php(675): CodeIgniter\HTTP\Exceptions\HTTPException::forCurlError('22', 'The requested URL returned error: 400 ')
 2 SYSTEMPATH\HTTP\CURLRequest.php(381): CodeIgniter\HTTP\CURLRequest->sendRequest([...])
 3 SYSTEMPATH\HTTP\CURLRequest.php(143): CodeIgniter\HTTP\CURLRequest->send('get', 'https://logam-mulia-api.vercel.app/prices/antam')
 4 SYSTEMPATH\HTTP\CURLRequest.php(176): CodeIgniter\HTTP\CURLRequest->request('get', 'https://logam-mulia-api.vercel.app/prices/antam', [])
 5 APPPATH\Controllers\ZakatController.php(33): CodeIgniter\HTTP\CURLRequest->get('https://logam-mulia-api.vercel.app/prices/antam')
 6 SYSTEMPATH\CodeIgniter.php(932): App\Controllers\ZakatController->getHargaEmas()
 7 SYSTEMPATH\CodeIgniter.php(497): CodeIgniter\CodeIgniter->runController(Object(App\Controllers\ZakatController))
 8 SYSTEMPATH\CodeIgniter.php(366): CodeIgniter\CodeIgniter->handleRequest(null, Object(Config\Cache), false)
 9 FCPATH\index.php(67): CodeIgniter\CodeIgniter->run()
10 SYSTEMPATH\Commands\Server\rewrite.php(47): require_once('D:\\Codeigniter\\ramadhanproject\\public\\index.php')
CRITICAL - 2025-06-10 09:23:45 --> 22 : The requested URL returned error: 400 
in SYSTEMPATH\HTTP\CURLRequest.php on line 675.
 1 SYSTEMPATH\HTTP\CURLRequest.php(675): CodeIgniter\HTTP\Exceptions\HTTPException::forCurlError('22', 'The requested URL returned error: 400 ')
 2 SYSTEMPATH\HTTP\CURLRequest.php(381): CodeIgniter\HTTP\CURLRequest->sendRequest([...])
 3 SYSTEMPATH\HTTP\CURLRequest.php(143): CodeIgniter\HTTP\CURLRequest->send('get', 'https://logam-mulia-api.vercel.app/prices/antam')
 4 SYSTEMPATH\HTTP\CURLRequest.php(176): CodeIgniter\HTTP\CURLRequest->request('get', 'https://logam-mulia-api.vercel.app/prices/antam', [])
 5 APPPATH\Controllers\ZakatController.php(33): CodeIgniter\HTTP\CURLRequest->get('https://logam-mulia-api.vercel.app/prices/antam')
 6 SYSTEMPATH\CodeIgniter.php(932): App\Controllers\ZakatController->getHargaEmas()
 7 SYSTEMPATH\CodeIgniter.php(497): CodeIgniter\CodeIgniter->runController(Object(App\Controllers\ZakatController))
 8 SYSTEMPATH\CodeIgniter.php(366): CodeIgniter\CodeIgniter->handleRequest(null, Object(Config\Cache), false)
 9 FCPATH\index.php(67): CodeIgniter\CodeIgniter->run()
10 SYSTEMPATH\Commands\Server\rewrite.php(47): require_once('D:\\Codeigniter\\ramadhanproject\\public\\index.php')
CRITICAL - 2025-06-10 09:26:35 --> 22 : The requested URL returned error: 400 
in SYSTEMPATH\HTTP\CURLRequest.php on line 675.
 1 SYSTEMPATH\HTTP\CURLRequest.php(675): CodeIgniter\HTTP\Exceptions\HTTPException::forCurlError('22', 'The requested URL returned error: 400 ')
 2 SYSTEMPATH\HTTP\CURLRequest.php(381): CodeIgniter\HTTP\CURLRequest->sendRequest([...])
 3 SYSTEMPATH\HTTP\CURLRequest.php(143): CodeIgniter\HTTP\CURLRequest->send('get', 'https://logam-mulia-api.vercel.app/prices/antam')
 4 SYSTEMPATH\HTTP\CURLRequest.php(176): CodeIgniter\HTTP\CURLRequest->request('get', 'https://logam-mulia-api.vercel.app/prices/antam', [])
 5 APPPATH\Controllers\ZakatController.php(33): CodeIgniter\HTTP\CURLRequest->get('https://logam-mulia-api.vercel.app/prices/antam')
 6 SYSTEMPATH\CodeIgniter.php(932): App\Controllers\ZakatController->getHargaEmas()
 7 SYSTEMPATH\CodeIgniter.php(497): CodeIgniter\CodeIgniter->runController(Object(App\Controllers\ZakatController))
 8 SYSTEMPATH\CodeIgniter.php(366): CodeIgniter\CodeIgniter->handleRequest(null, Object(Config\Cache), false)
 9 FCPATH\index.php(67): CodeIgniter\CodeIgniter->run()
10 SYSTEMPATH\Commands\Server\rewrite.php(47): require_once('D:\\Codeigniter\\ramadhanproject\\public\\index.php')
CRITICAL - 2025-06-10 21:39:53 --> 6 : Could not resolve host: logam-mulia-api.vercel.app
in SYSTEMPATH\HTTP\CURLRequest.php on line 675.
 1 SYSTEMPATH\HTTP\CURLRequest.php(675): CodeIgniter\HTTP\Exceptions\HTTPException::forCurlError('6', 'Could not resolve host: logam-mulia-api.vercel.app')
 2 SYSTEMPATH\HTTP\CURLRequest.php(381): CodeIgniter\HTTP\CURLRequest->sendRequest([...])
 3 SYSTEMPATH\HTTP\CURLRequest.php(143): CodeIgniter\HTTP\CURLRequest->send('get', 'https://logam-mulia-api.vercel.app/prices/anekalogam')
 4 SYSTEMPATH\HTTP\CURLRequest.php(176): CodeIgniter\HTTP\CURLRequest->request('get', 'https://logam-mulia-api.vercel.app/prices/anekalogam', [])
 5 APPPATH\Controllers\ZakatController.php(33): CodeIgniter\HTTP\CURLRequest->get('https://logam-mulia-api.vercel.app/prices/anekalogam')
 6 SYSTEMPATH\CodeIgniter.php(932): App\Controllers\ZakatController->getHargaEmas()
 7 SYSTEMPATH\CodeIgniter.php(497): CodeIgniter\CodeIgniter->runController(Object(App\Controllers\ZakatController))
 8 SYSTEMPATH\CodeIgniter.php(366): CodeIgniter\CodeIgniter->handleRequest(null, Object(Config\Cache), false)
 9 FCPATH\index.php(67): CodeIgniter\CodeIgniter->run()
10 SYSTEMPATH\Commands\Server\rewrite.php(47): require_once('D:\\Codeigniter\\ramadhanproject\\public\\index.php')
