CRITICAL - 2025-03-14 06:20:12 --> Undefined variable: program
in APPPATH\Views\pages\services_view.php on line 18.
 1 APPPATH\Views\pages\services_view.php(18): CodeIgniter\Debug\Exceptions->errorHandler(8, 'Undefined variable: program', 'D:\\Codeigniter\\ramadhanproject\\app\\Views\\pages\\services_view.php', 18, [...])
 2 SYSTEMPATH\View\View.php(224): include('D:\\Codeigniter\\ramadhanproject\\app\\Views\\pages\\services_view.php')
 3 SYSTEMPATH\View\View.php(227): CodeIgniter\View\View->CodeIgniter\View\{closure}()
 4 SYSTEMPATH\Common.php(1180): CodeIgniter\View\View->render('pages/services_view', [], true)
 5 APPPATH\Controllers\ServicesController.php(34): view('pages/services_view', [...])
 6 SYSTEMPATH\CodeIgniter.php(932): App\Controllers\ServicesController->index()
 7 SYSTEMPATH\CodeIgniter.php(497): CodeIgniter\CodeIgniter->runController(Object(App\Controllers\ServicesController))
 8 SYSTEMPATH\CodeIgniter.php(366): CodeIgniter\CodeIgniter->handleRequest(null, Object(Config\Cache), false)
 9 FCPATH\index.php(67): CodeIgniter\CodeIgniter->run()
10 SYSTEMPATH\Commands\Server\rewrite.php(47): require_once('D:\\Codeigniter\\ramadhanproject\\public\\index.php')
CRITICAL - 2025-03-14 06:40:32 --> Invalid file: "pages/service_detail.php"
in SYSTEMPATH\Exceptions\FrameworkException.php on line 33.
 1 SYSTEMPATH\View\View.php(212): CodeIgniter\Exceptions\FrameworkException::forInvalidFile('pages/service_detail.php')
 2 SYSTEMPATH\Common.php(1180): CodeIgniter\View\View->render('pages/service_detail', [], true)
 3 APPPATH\Controllers\ServicesController.php(57): view('pages/service_detail', [...])
 4 SYSTEMPATH\CodeIgniter.php(932): App\Controllers\ServicesController->index('poroz-wilayah')
 5 SYSTEMPATH\CodeIgniter.php(497): CodeIgniter\CodeIgniter->runController(Object(App\Controllers\ServicesController))
 6 SYSTEMPATH\CodeIgniter.php(366): CodeIgniter\CodeIgniter->handleRequest(null, Object(Config\Cache), false)
 7 FCPATH\index.php(67): CodeIgniter\CodeIgniter->run()
 8 SYSTEMPATH\Commands\Server\rewrite.php(47): require_once('D:\\Codeigniter\\ramadhanproject\\public\\index.php')
CRITICAL - 2025-03-14 06:41:55 --> Invalid file: "pages/service_detail.php"
in SYSTEMPATH\Exceptions\FrameworkException.php on line 33.
 1 SYSTEMPATH\View\View.php(212): CodeIgniter\Exceptions\FrameworkException::forInvalidFile('pages/service_detail.php')
 2 SYSTEMPATH\Common.php(1180): CodeIgniter\View\View->render('pages/service_detail', [], true)
 3 APPPATH\Controllers\ServicesController.php(57): view('pages/service_detail', [...])
 4 SYSTEMPATH\CodeIgniter.php(932): App\Controllers\ServicesController->index('poroz-wilayah')
 5 SYSTEMPATH\CodeIgniter.php(497): CodeIgniter\CodeIgniter->runController(Object(App\Controllers\ServicesController))
 6 SYSTEMPATH\CodeIgniter.php(366): CodeIgniter\CodeIgniter->handleRequest(null, Object(Config\Cache), false)
 7 FCPATH\index.php(67): CodeIgniter\CodeIgniter->run()
 8 SYSTEMPATH\Commands\Server\rewrite.php(47): require_once('D:\\Codeigniter\\ramadhanproject\\public\\index.php')
CRITICAL - 2025-03-14 06:42:59 --> Invalid file: "pages/service_detail.php"
in SYSTEMPATH\Exceptions\FrameworkException.php on line 33.
 1 SYSTEMPATH\View\View.php(212): CodeIgniter\Exceptions\FrameworkException::forInvalidFile('pages/service_detail.php')
 2 SYSTEMPATH\Common.php(1180): CodeIgniter\View\View->render('pages/service_detail', [], true)
 3 APPPATH\Controllers\ServicesController.php(57): view('pages/service_detail', [...])
 4 SYSTEMPATH\CodeIgniter.php(932): App\Controllers\ServicesController->index('poroz-wilayah')
 5 SYSTEMPATH\CodeIgniter.php(497): CodeIgniter\CodeIgniter->runController(Object(App\Controllers\ServicesController))
 6 SYSTEMPATH\CodeIgniter.php(366): CodeIgniter\CodeIgniter->handleRequest(null, Object(Config\Cache), false)
 7 FCPATH\index.php(67): CodeIgniter\CodeIgniter->run()
 8 SYSTEMPATH\Commands\Server\rewrite.php(47): require_once('D:\\Codeigniter\\ramadhanproject\\public\\index.php')
CRITICAL - 2025-03-14 10:01:55 --> Undefined variable: title
in APPPATH\Views\layouts\header-page.php on line 5.
 1 APPPATH\Views\layouts\header-page.php(5): CodeIgniter\Debug\Exceptions->errorHandler(8, 'Undefined variable: title', 'D:\\Codeigniter\\ramadhanproject\\app\\Views\\layouts\\header-page.php', 5, [...])
 2 SYSTEMPATH\View\View.php(224): include('D:\\Codeigniter\\ramadhanproject\\app\\Views\\layouts\\header-page.php')
 3 SYSTEMPATH\View\View.php(227): CodeIgniter\View\View->CodeIgniter\View\{closure}()
 4 SYSTEMPATH\View\View.php(452): CodeIgniter\View\View->render('layouts/header-page', null, true)
 5 APPPATH\Views\layouts\template-page.php(1): CodeIgniter\View\View->include('layouts/header-page')
 6 SYSTEMPATH\View\View.php(224): include('D:\\Codeigniter\\ramadhanproject\\app\\Views\\layouts\\template-page.php')
 7 SYSTEMPATH\View\View.php(227): CodeIgniter\View\View->CodeIgniter\View\{closure}()
 8 SYSTEMPATH\View\View.php(240): CodeIgniter\View\View->render('layouts/template-page', [], true)
 9 SYSTEMPATH\Common.php(1180): CodeIgniter\View\View->render('pages/imsakiyah_view', [], true)
10 APPPATH\Controllers\PrayerTimesController2.php(30): view('pages/imsakiyah_view', [...])
11 SYSTEMPATH\CodeIgniter.php(932): App\Controllers\PrayerTimesController2->index()
12 SYSTEMPATH\CodeIgniter.php(497): CodeIgniter\CodeIgniter->runController(Object(App\Controllers\PrayerTimesController2))
13 SYSTEMPATH\CodeIgniter.php(366): CodeIgniter\CodeIgniter->handleRequest(null, Object(Config\Cache), false)
14 FCPATH\index.php(67): CodeIgniter\CodeIgniter->run()
15 SYSTEMPATH\Commands\Server\rewrite.php(47): require_once('D:\\Codeigniter\\ramadhanproject\\public\\index.php')
CRITICAL - 2025-03-14 10:02:42 --> Undefined variable: site
in APPPATH\Views\layouts\header-page.php on line 5.
 1 APPPATH\Views\layouts\header-page.php(5): CodeIgniter\Debug\Exceptions->errorHandler(8, 'Undefined variable: site', 'D:\\Codeigniter\\ramadhanproject\\app\\Views\\layouts\\header-page.php', 5, [...])
 2 SYSTEMPATH\View\View.php(224): include('D:\\Codeigniter\\ramadhanproject\\app\\Views\\layouts\\header-page.php')
 3 SYSTEMPATH\View\View.php(227): CodeIgniter\View\View->CodeIgniter\View\{closure}()
 4 SYSTEMPATH\View\View.php(452): CodeIgniter\View\View->render('layouts/header-page', null, true)
 5 APPPATH\Views\layouts\template-page.php(1): CodeIgniter\View\View->include('layouts/header-page')
 6 SYSTEMPATH\View\View.php(224): include('D:\\Codeigniter\\ramadhanproject\\app\\Views\\layouts\\template-page.php')
 7 SYSTEMPATH\View\View.php(227): CodeIgniter\View\View->CodeIgniter\View\{closure}()
 8 SYSTEMPATH\View\View.php(240): CodeIgniter\View\View->render('layouts/template-page', [], true)
 9 SYSTEMPATH\Common.php(1180): CodeIgniter\View\View->render('pages/imsakiyah_view', [], true)
10 APPPATH\Controllers\PrayerTimesController2.php(31): view('pages/imsakiyah_view', [...])
11 SYSTEMPATH\CodeIgniter.php(932): App\Controllers\PrayerTimesController2->index()
12 SYSTEMPATH\CodeIgniter.php(497): CodeIgniter\CodeIgniter->runController(Object(App\Controllers\PrayerTimesController2))
13 SYSTEMPATH\CodeIgniter.php(366): CodeIgniter\CodeIgniter->handleRequest(null, Object(Config\Cache), false)
14 FCPATH\index.php(67): CodeIgniter\CodeIgniter->run()
15 SYSTEMPATH\Commands\Server\rewrite.php(47): require_once('D:\\Codeigniter\\ramadhanproject\\public\\index.php')
