ERROR - 2025-03-12 00:02:10 --> mysqli_sql_exception: Unknown column 'updated_at' in 'field list' in D:\Codeigniter\ramadhanproject\vendor\codeigniter4\framework\system\Database\MySQLi\Connection.php:295
Stack trace:
#0 D:\Codeigniter\ramadhanproject\vendor\codeigniter4\framework\system\Database\MySQLi\Connection.php(295): mysqli->query('INSERT INTO `tb...', 0)
#1 D:\Codeigniter\ramadhanproject\vendor\codeigniter4\framework\system\Database\BaseConnection.php(692): CodeIgniter\Database\MySQLi\Connection->execute('INSERT INTO `tb...')
#2 D:\Codeigniter\ramadhanproject\vendor\codeigniter4\framework\system\Database\BaseConnection.php(606): CodeIgniter\Database\BaseConnection->simpleQuery('INSERT INTO `tb...')
#3 D:\Codeigniter\ramadhanproject\vendor\codeigniter4\framework\system\Database\BaseBuilder.php(2309): CodeIgniter\Database\BaseConnection->query('INSERT INTO `tb...', Array, false)
#4 D:\Codeigniter\ramadhanproject\vendor\codeigniter4\framework\system\Model.php(330): CodeIgniter\Database\BaseBuilder->insert()
#5 D:\Codeigniter\ramadhanproject\vendor\codeigniter4\framework\system\BaseModel.php(782): CodeIgniter\Model->doInsert(Array)
#6 D:\Codeigniter\ramadhanproject\vendor\codeigniter4\framework\system\Model.php(730): CodeIgniter\BaseModel->insert(Array, false)
#7 D:\Codeigniter\ramadhanproject\vendor\codeigniter4\framework\system\BaseModel.php(692): CodeIgniter\Model->insert(Array, false)
#8 D:\Codeigniter\ramadhanproject\app\Controllers\Admin\PartnerAdminController.php(123): CodeIgniter\BaseModel->save(Array)
#9 D:\Codeigniter\ramadhanproject\vendor\codeigniter4\framework\system\CodeIgniter.php(932): App\Controllers\Admin\PartnerAdminController->insert()
#10 D:\Codeigniter\ramadhanproject\vendor\codeigniter4\framework\system\CodeIgniter.php(497): CodeIgniter\CodeIgniter->runController(Object(App\Controllers\Admin\PartnerAdminController))
#11 D:\Codeigniter\ramadhanproject\vendor\codeigniter4\framework\system\CodeIgniter.php(366): CodeIgniter\CodeIgniter->handleRequest(NULL, Object(Config\Cache), false)
#12 D:\Codeigniter\ramadhanproject\public\index.php(67): CodeIgniter\CodeIgniter->run()
#13 D:\Codeigniter\ramadhanproject\vendor\codeigniter4\framework\system\Commands\Server\rewrite.php(47): require_once('D:\\Codeigniter\\...')
#14 {main}
CRITICAL - 2025-03-12 00:02:10 --> Unknown column 'updated_at' in 'field list'
in SYSTEMPATH\Database\MySQLi\Connection.php on line 295.
 1 SYSTEMPATH\Database\MySQLi\Connection.php(295): mysqli->query('INSERT INTO `tbl_partners` (`partner_name`, `partner_desc`, `partner_date`, `category_id`, `partner_image`, `created_at`, `updated_at`) VALUES (\'DSN MUI\', \'ok kita uji coba\', \'2025-03-10\', \'1\', \'default-partners.png\', \'2025-03-12 00:02:10\', \'2025-03-12 00:02:10\')', 0)
 2 SYSTEMPATH\Database\BaseConnection.php(692): CodeIgniter\Database\MySQLi\Connection->execute('INSERT INTO `tbl_partners` (`partner_name`, `partner_desc`, `partner_date`, `category_id`, `partner_image`, `created_at`, `updated_at`) VALUES (\'DSN MUI\', \'ok kita uji coba\', \'2025-03-10\', \'1\', \'default-partners.png\', \'2025-03-12 00:02:10\', \'2025-03-12 00:02:10\')')
 3 SYSTEMPATH\Database\BaseConnection.php(606): CodeIgniter\Database\BaseConnection->simpleQuery('INSERT INTO `tbl_partners` (`partner_name`, `partner_desc`, `partner_date`, `category_id`, `partner_image`, `created_at`, `updated_at`) VALUES (\'DSN MUI\', \'ok kita uji coba\', \'2025-03-10\', \'1\', \'default-partners.png\', \'2025-03-12 00:02:10\', \'2025-03-12 00:02:10\')')
 4 SYSTEMPATH\Database\BaseBuilder.php(2309): CodeIgniter\Database\BaseConnection->query('INSERT INTO `tbl_partners` (`partner_name`, `partner_desc`, `partner_date`, `category_id`, `partner_image`, `created_at`, `updated_at`) VALUES (:partner_name:, :partner_desc:, :partner_date:, :category_id:, :partner_image:, :created_at:, :updated_at:)', [...], false)
 5 SYSTEMPATH\Model.php(330): CodeIgniter\Database\BaseBuilder->insert()
 6 SYSTEMPATH\BaseModel.php(782): CodeIgniter\Model->doInsert([...])
 7 SYSTEMPATH\Model.php(730): CodeIgniter\BaseModel->insert([...], false)
 8 SYSTEMPATH\BaseModel.php(692): CodeIgniter\Model->insert([...], false)
 9 APPPATH\Controllers\Admin\PartnerAdminController.php(123): CodeIgniter\BaseModel->save([...])
10 SYSTEMPATH\CodeIgniter.php(932): App\Controllers\Admin\PartnerAdminController->insert()
11 SYSTEMPATH\CodeIgniter.php(497): CodeIgniter\CodeIgniter->runController(Object(App\Controllers\Admin\PartnerAdminController))
12 SYSTEMPATH\CodeIgniter.php(366): CodeIgniter\CodeIgniter->handleRequest(null, Object(Config\Cache), false)
13 FCPATH\index.php(67): CodeIgniter\CodeIgniter->run()
14 SYSTEMPATH\Commands\Server\rewrite.php(47): require_once('D:\\Codeigniter\\ramadhanproject\\public\\index.php')
CRITICAL - 2025-03-12 00:05:36 --> Undefined index: category_name
in APPPATH\Views\admin\v_partners.php on line 76.
 1 APPPATH\Views\admin\v_partners.php(76): CodeIgniter\Debug\Exceptions->errorHandler(8, 'Undefined index: category_name', 'D:\\Codeigniter\\ramadhanproject\\app\\Views\\admin\\v_partners.php', 76, [...])
 2 SYSTEMPATH\View\View.php(224): include('D:\\Codeigniter\\ramadhanproject\\app\\Views\\admin\\v_partners.php')
 3 SYSTEMPATH\View\View.php(227): CodeIgniter\View\View->CodeIgniter\View\{closure}()
 4 SYSTEMPATH\Common.php(1180): CodeIgniter\View\View->render('admin/v_partners', [], true)
 5 APPPATH\Controllers\Admin\PartnerAdminController.php(46): view('admin/v_partners', [...])
 6 SYSTEMPATH\CodeIgniter.php(932): App\Controllers\Admin\PartnerAdminController->index()
 7 SYSTEMPATH\CodeIgniter.php(497): CodeIgniter\CodeIgniter->runController(Object(App\Controllers\Admin\PartnerAdminController))
 8 SYSTEMPATH\CodeIgniter.php(366): CodeIgniter\CodeIgniter->handleRequest(null, Object(Config\Cache), false)
 9 FCPATH\index.php(67): CodeIgniter\CodeIgniter->run()
10 SYSTEMPATH\Commands\Server\rewrite.php(47): require_once('D:\\Codeigniter\\ramadhanproject\\public\\index.php')
CRITICAL - 2025-03-12 00:16:43 --> Undefined index: category_name
in APPPATH\Views\admin\v_partners.php on line 76.
 1 APPPATH\Views\admin\v_partners.php(76): CodeIgniter\Debug\Exceptions->errorHandler(8, 'Undefined index: category_name', 'D:\\Codeigniter\\ramadhanproject\\app\\Views\\admin\\v_partners.php', 76, [...])
 2 SYSTEMPATH\View\View.php(224): include('D:\\Codeigniter\\ramadhanproject\\app\\Views\\admin\\v_partners.php')
 3 SYSTEMPATH\View\View.php(227): CodeIgniter\View\View->CodeIgniter\View\{closure}()
 4 SYSTEMPATH\Common.php(1180): CodeIgniter\View\View->render('admin/v_partners', [], true)
 5 APPPATH\Controllers\Admin\PartnerAdminController.php(46): view('admin/v_partners', [...])
 6 SYSTEMPATH\CodeIgniter.php(932): App\Controllers\Admin\PartnerAdminController->index()
 7 SYSTEMPATH\CodeIgniter.php(497): CodeIgniter\CodeIgniter->runController(Object(App\Controllers\Admin\PartnerAdminController))
 8 SYSTEMPATH\CodeIgniter.php(366): CodeIgniter\CodeIgniter->handleRequest(null, Object(Config\Cache), false)
 9 FCPATH\index.php(67): CodeIgniter\CodeIgniter->run()
10 SYSTEMPATH\Commands\Server\rewrite.php(47): require_once('D:\\Codeigniter\\ramadhanproject\\public\\index.php')
CRITICAL - 2025-03-12 00:16:53 --> Undefined index: category_name
in APPPATH\Views\admin\v_partners.php on line 76.
 1 APPPATH\Views\admin\v_partners.php(76): CodeIgniter\Debug\Exceptions->errorHandler(8, 'Undefined index: category_name', 'D:\\Codeigniter\\ramadhanproject\\app\\Views\\admin\\v_partners.php', 76, [...])
 2 SYSTEMPATH\View\View.php(224): include('D:\\Codeigniter\\ramadhanproject\\app\\Views\\admin\\v_partners.php')
 3 SYSTEMPATH\View\View.php(227): CodeIgniter\View\View->CodeIgniter\View\{closure}()
 4 SYSTEMPATH\Common.php(1180): CodeIgniter\View\View->render('admin/v_partners', [], true)
 5 APPPATH\Controllers\Admin\PartnerAdminController.php(46): view('admin/v_partners', [...])
 6 SYSTEMPATH\CodeIgniter.php(932): App\Controllers\Admin\PartnerAdminController->index()
 7 SYSTEMPATH\CodeIgniter.php(497): CodeIgniter\CodeIgniter->runController(Object(App\Controllers\Admin\PartnerAdminController))
 8 SYSTEMPATH\CodeIgniter.php(366): CodeIgniter\CodeIgniter->handleRequest(null, Object(Config\Cache), false)
 9 FCPATH\index.php(67): CodeIgniter\CodeIgniter->run()
10 SYSTEMPATH\Commands\Server\rewrite.php(47): require_once('D:\\Codeigniter\\ramadhanproject\\public\\index.php')
CRITICAL - 2025-03-12 00:19:08 --> Undefined index: category_name
in APPPATH\Views\admin\v_partners.php on line 76.
 1 APPPATH\Views\admin\v_partners.php(76): CodeIgniter\Debug\Exceptions->errorHandler(8, 'Undefined index: category_name', 'D:\\Codeigniter\\ramadhanproject\\app\\Views\\admin\\v_partners.php', 76, [...])
 2 SYSTEMPATH\View\View.php(224): include('D:\\Codeigniter\\ramadhanproject\\app\\Views\\admin\\v_partners.php')
 3 SYSTEMPATH\View\View.php(227): CodeIgniter\View\View->CodeIgniter\View\{closure}()
 4 SYSTEMPATH\Common.php(1180): CodeIgniter\View\View->render('admin/v_partners', [], true)
 5 APPPATH\Controllers\Admin\PartnerAdminController.php(46): view('admin/v_partners', [...])
 6 SYSTEMPATH\CodeIgniter.php(932): App\Controllers\Admin\PartnerAdminController->index()
 7 SYSTEMPATH\CodeIgniter.php(497): CodeIgniter\CodeIgniter->runController(Object(App\Controllers\Admin\PartnerAdminController))
 8 SYSTEMPATH\CodeIgniter.php(366): CodeIgniter\CodeIgniter->handleRequest(null, Object(Config\Cache), false)
 9 FCPATH\index.php(67): CodeIgniter\CodeIgniter->run()
10 SYSTEMPATH\Commands\Server\rewrite.php(47): require_once('D:\\Codeigniter\\ramadhanproject\\public\\index.php')
CRITICAL - 2025-03-12 00:22:32 --> Undefined index: category_name
in APPPATH\Views\admin\v_partners.php on line 76.
 1 APPPATH\Views\admin\v_partners.php(76): CodeIgniter\Debug\Exceptions->errorHandler(8, 'Undefined index: category_name', 'D:\\Codeigniter\\ramadhanproject\\app\\Views\\admin\\v_partners.php', 76, [...])
 2 SYSTEMPATH\View\View.php(224): include('D:\\Codeigniter\\ramadhanproject\\app\\Views\\admin\\v_partners.php')
 3 SYSTEMPATH\View\View.php(227): CodeIgniter\View\View->CodeIgniter\View\{closure}()
 4 SYSTEMPATH\Common.php(1180): CodeIgniter\View\View->render('admin/v_partners', [], true)
 5 APPPATH\Controllers\Admin\PartnerAdminController.php(46): view('admin/v_partners', [...])
 6 SYSTEMPATH\CodeIgniter.php(932): App\Controllers\Admin\PartnerAdminController->index()
 7 SYSTEMPATH\CodeIgniter.php(497): CodeIgniter\CodeIgniter->runController(Object(App\Controllers\Admin\PartnerAdminController))
 8 SYSTEMPATH\CodeIgniter.php(366): CodeIgniter\CodeIgniter->handleRequest(null, Object(Config\Cache), false)
 9 FCPATH\index.php(67): CodeIgniter\CodeIgniter->run()
10 SYSTEMPATH\Commands\Server\rewrite.php(47): require_once('D:\\Codeigniter\\ramadhanproject\\public\\index.php')
CRITICAL - 2025-03-12 00:22:56 --> Undefined index: partner_slug
in APPPATH\Views\admin\v_partners.php on line 88.
 1 APPPATH\Views\admin\v_partners.php(88): CodeIgniter\Debug\Exceptions->errorHandler(8, 'Undefined index: partner_slug', 'D:\\Codeigniter\\ramadhanproject\\app\\Views\\admin\\v_partners.php', 88, [...])
 2 SYSTEMPATH\View\View.php(224): include('D:\\Codeigniter\\ramadhanproject\\app\\Views\\admin\\v_partners.php')
 3 SYSTEMPATH\View\View.php(227): CodeIgniter\View\View->CodeIgniter\View\{closure}()
 4 SYSTEMPATH\Common.php(1180): CodeIgniter\View\View->render('admin/v_partners', [], true)
 5 APPPATH\Controllers\Admin\PartnerAdminController.php(46): view('admin/v_partners', [...])
 6 SYSTEMPATH\CodeIgniter.php(932): App\Controllers\Admin\PartnerAdminController->index()
 7 SYSTEMPATH\CodeIgniter.php(497): CodeIgniter\CodeIgniter->runController(Object(App\Controllers\Admin\PartnerAdminController))
 8 SYSTEMPATH\CodeIgniter.php(366): CodeIgniter\CodeIgniter->handleRequest(null, Object(Config\Cache), false)
 9 FCPATH\index.php(67): CodeIgniter\CodeIgniter->run()
10 SYSTEMPATH\Commands\Server\rewrite.php(47): require_once('D:\\Codeigniter\\ramadhanproject\\public\\index.php')
CRITICAL - 2025-03-12 00:23:18 --> Undefined variable: program
in APPPATH\Views\admin\v_partners.php on line 202.
 1 APPPATH\Views\admin\v_partners.php(202): CodeIgniter\Debug\Exceptions->errorHandler(8, 'Undefined variable: program', 'D:\\Codeigniter\\ramadhanproject\\app\\Views\\admin\\v_partners.php', 202, [...])
 2 SYSTEMPATH\View\View.php(224): include('D:\\Codeigniter\\ramadhanproject\\app\\Views\\admin\\v_partners.php')
 3 SYSTEMPATH\View\View.php(227): CodeIgniter\View\View->CodeIgniter\View\{closure}()
 4 SYSTEMPATH\Common.php(1180): CodeIgniter\View\View->render('admin/v_partners', [], true)
 5 APPPATH\Controllers\Admin\PartnerAdminController.php(46): view('admin/v_partners', [...])
 6 SYSTEMPATH\CodeIgniter.php(932): App\Controllers\Admin\PartnerAdminController->index()
 7 SYSTEMPATH\CodeIgniter.php(497): CodeIgniter\CodeIgniter->runController(Object(App\Controllers\Admin\PartnerAdminController))
 8 SYSTEMPATH\CodeIgniter.php(366): CodeIgniter\CodeIgniter->handleRequest(null, Object(Config\Cache), false)
 9 FCPATH\index.php(67): CodeIgniter\CodeIgniter->run()
10 SYSTEMPATH\Commands\Server\rewrite.php(47): require_once('D:\\Codeigniter\\ramadhanproject\\public\\index.php')
CRITICAL - 2025-03-12 00:24:19 --> Undefined index: partner_id
in APPPATH\Views\admin\v_partners.php on line 227.
 1 APPPATH\Views\admin\v_partners.php(227): CodeIgniter\Debug\Exceptions->errorHandler(8, 'Undefined index: partner_id', 'D:\\Codeigniter\\ramadhanproject\\app\\Views\\admin\\v_partners.php', 227, [...])
 2 SYSTEMPATH\View\View.php(224): include('D:\\Codeigniter\\ramadhanproject\\app\\Views\\admin\\v_partners.php')
 3 SYSTEMPATH\View\View.php(227): CodeIgniter\View\View->CodeIgniter\View\{closure}()
 4 SYSTEMPATH\Common.php(1180): CodeIgniter\View\View->render('admin/v_partners', [], true)
 5 APPPATH\Controllers\Admin\PartnerAdminController.php(46): view('admin/v_partners', [...])
 6 SYSTEMPATH\CodeIgniter.php(932): App\Controllers\Admin\PartnerAdminController->index()
 7 SYSTEMPATH\CodeIgniter.php(497): CodeIgniter\CodeIgniter->runController(Object(App\Controllers\Admin\PartnerAdminController))
 8 SYSTEMPATH\CodeIgniter.php(366): CodeIgniter\CodeIgniter->handleRequest(null, Object(Config\Cache), false)
 9 FCPATH\index.php(67): CodeIgniter\CodeIgniter->run()
10 SYSTEMPATH\Commands\Server\rewrite.php(47): require_once('D:\\Codeigniter\\ramadhanproject\\public\\index.php')
CRITICAL - 2025-03-12 00:48:13 --> Undefined variable: partner
in APPPATH\Views\admin\v_partners.php on line 78.
 1 APPPATH\Views\admin\v_partners.php(78): CodeIgniter\Debug\Exceptions->errorHandler(8, 'Undefined variable: partner', 'D:\\Codeigniter\\ramadhanproject\\app\\Views\\admin\\v_partners.php', 78, [...])
 2 SYSTEMPATH\View\View.php(224): include('D:\\Codeigniter\\ramadhanproject\\app\\Views\\admin\\v_partners.php')
 3 SYSTEMPATH\View\View.php(227): CodeIgniter\View\View->CodeIgniter\View\{closure}()
 4 SYSTEMPATH\Common.php(1180): CodeIgniter\View\View->render('admin/v_partners', [], true)
 5 APPPATH\Controllers\Admin\PartnerAdminController.php(46): view('admin/v_partners', [...])
 6 SYSTEMPATH\CodeIgniter.php(932): App\Controllers\Admin\PartnerAdminController->index()
 7 SYSTEMPATH\CodeIgniter.php(497): CodeIgniter\CodeIgniter->runController(Object(App\Controllers\Admin\PartnerAdminController))
 8 SYSTEMPATH\CodeIgniter.php(366): CodeIgniter\CodeIgniter->handleRequest(null, Object(Config\Cache), false)
 9 FCPATH\index.php(67): CodeIgniter\CodeIgniter->run()
10 SYSTEMPATH\Commands\Server\rewrite.php(47): require_once('D:\\Codeigniter\\ramadhanproject\\public\\index.php')
CRITICAL - 2025-03-12 00:48:31 --> Undefined variable: partner
in APPPATH\Views\admin\v_partners.php on line 208.
 1 APPPATH\Views\admin\v_partners.php(208): CodeIgniter\Debug\Exceptions->errorHandler(8, 'Undefined variable: partner', 'D:\\Codeigniter\\ramadhanproject\\app\\Views\\admin\\v_partners.php', 208, [...])
 2 SYSTEMPATH\View\View.php(224): include('D:\\Codeigniter\\ramadhanproject\\app\\Views\\admin\\v_partners.php')
 3 SYSTEMPATH\View\View.php(227): CodeIgniter\View\View->CodeIgniter\View\{closure}()
 4 SYSTEMPATH\Common.php(1180): CodeIgniter\View\View->render('admin/v_partners', [], true)
 5 APPPATH\Controllers\Admin\PartnerAdminController.php(46): view('admin/v_partners', [...])
 6 SYSTEMPATH\CodeIgniter.php(932): App\Controllers\Admin\PartnerAdminController->index()
 7 SYSTEMPATH\CodeIgniter.php(497): CodeIgniter\CodeIgniter->runController(Object(App\Controllers\Admin\PartnerAdminController))
 8 SYSTEMPATH\CodeIgniter.php(366): CodeIgniter\CodeIgniter->handleRequest(null, Object(Config\Cache), false)
 9 FCPATH\index.php(67): CodeIgniter\CodeIgniter->run()
10 SYSTEMPATH\Commands\Server\rewrite.php(47): require_once('D:\\Codeigniter\\ramadhanproject\\public\\index.php')
CRITICAL - 2025-03-12 00:49:40 --> Undefined index: category_id
in APPPATH\Views\admin\v_partners.php on line 208.
 1 APPPATH\Views\admin\v_partners.php(208): CodeIgniter\Debug\Exceptions->errorHandler(8, 'Undefined index: category_id', 'D:\\Codeigniter\\ramadhanproject\\app\\Views\\admin\\v_partners.php', 208, [...])
 2 SYSTEMPATH\View\View.php(224): include('D:\\Codeigniter\\ramadhanproject\\app\\Views\\admin\\v_partners.php')
 3 SYSTEMPATH\View\View.php(227): CodeIgniter\View\View->CodeIgniter\View\{closure}()
 4 SYSTEMPATH\Common.php(1180): CodeIgniter\View\View->render('admin/v_partners', [], true)
 5 APPPATH\Controllers\Admin\PartnerAdminController.php(46): view('admin/v_partners', [...])
 6 SYSTEMPATH\CodeIgniter.php(932): App\Controllers\Admin\PartnerAdminController->index()
 7 SYSTEMPATH\CodeIgniter.php(497): CodeIgniter\CodeIgniter->runController(Object(App\Controllers\Admin\PartnerAdminController))
 8 SYSTEMPATH\CodeIgniter.php(366): CodeIgniter\CodeIgniter->handleRequest(null, Object(Config\Cache), false)
 9 FCPATH\index.php(67): CodeIgniter\CodeIgniter->run()
10 SYSTEMPATH\Commands\Server\rewrite.php(47): require_once('D:\\Codeigniter\\ramadhanproject\\public\\index.php')
CRITICAL - 2025-03-12 00:52:10 --> Undefined index: partner_id
in APPPATH\Views\admin\v_partners.php on line 222.
 1 APPPATH\Views\admin\v_partners.php(222): CodeIgniter\Debug\Exceptions->errorHandler(8, 'Undefined index: partner_id', 'D:\\Codeigniter\\ramadhanproject\\app\\Views\\admin\\v_partners.php', 222, [...])
 2 SYSTEMPATH\View\View.php(224): include('D:\\Codeigniter\\ramadhanproject\\app\\Views\\admin\\v_partners.php')
 3 SYSTEMPATH\View\View.php(227): CodeIgniter\View\View->CodeIgniter\View\{closure}()
 4 SYSTEMPATH\Common.php(1180): CodeIgniter\View\View->render('admin/v_partners', [], true)
 5 APPPATH\Controllers\Admin\PartnerAdminController.php(46): view('admin/v_partners', [...])
 6 SYSTEMPATH\CodeIgniter.php(932): App\Controllers\Admin\PartnerAdminController->index()
 7 SYSTEMPATH\CodeIgniter.php(497): CodeIgniter\CodeIgniter->runController(Object(App\Controllers\Admin\PartnerAdminController))
 8 SYSTEMPATH\CodeIgniter.php(366): CodeIgniter\CodeIgniter->handleRequest(null, Object(Config\Cache), false)
 9 FCPATH\index.php(67): CodeIgniter\CodeIgniter->run()
10 SYSTEMPATH\Commands\Server\rewrite.php(47): require_once('D:\\Codeigniter\\ramadhanproject\\public\\index.php')
CRITICAL - 2025-03-12 00:56:42 --> Undefined index: category_id
in APPPATH\Views\admin\v_partners.php on line 208.
 1 APPPATH\Views\admin\v_partners.php(208): CodeIgniter\Debug\Exceptions->errorHandler(8, 'Undefined index: category_id', 'D:\\Codeigniter\\ramadhanproject\\app\\Views\\admin\\v_partners.php', 208, [...])
 2 SYSTEMPATH\View\View.php(224): include('D:\\Codeigniter\\ramadhanproject\\app\\Views\\admin\\v_partners.php')
 3 SYSTEMPATH\View\View.php(227): CodeIgniter\View\View->CodeIgniter\View\{closure}()
 4 SYSTEMPATH\Common.php(1180): CodeIgniter\View\View->render('admin/v_partners', [], true)
 5 APPPATH\Controllers\Admin\PartnerAdminController.php(46): view('admin/v_partners', [...])
 6 SYSTEMPATH\CodeIgniter.php(932): App\Controllers\Admin\PartnerAdminController->index()
 7 SYSTEMPATH\CodeIgniter.php(497): CodeIgniter\CodeIgniter->runController(Object(App\Controllers\Admin\PartnerAdminController))
 8 SYSTEMPATH\CodeIgniter.php(366): CodeIgniter\CodeIgniter->handleRequest(null, Object(Config\Cache), false)
 9 FCPATH\index.php(67): CodeIgniter\CodeIgniter->run()
10 SYSTEMPATH\Commands\Server\rewrite.php(47): require_once('D:\\Codeigniter\\ramadhanproject\\public\\index.php')
CRITICAL - 2025-03-12 01:01:12 --> Undefined index: category_id
in APPPATH\Views\admin\v_partners.php on line 208.
 1 APPPATH\Views\admin\v_partners.php(208): CodeIgniter\Debug\Exceptions->errorHandler(8, 'Undefined index: category_id', 'D:\\Codeigniter\\ramadhanproject\\app\\Views\\admin\\v_partners.php', 208, [...])
 2 SYSTEMPATH\View\View.php(224): include('D:\\Codeigniter\\ramadhanproject\\app\\Views\\admin\\v_partners.php')
 3 SYSTEMPATH\View\View.php(227): CodeIgniter\View\View->CodeIgniter\View\{closure}()
 4 SYSTEMPATH\Common.php(1180): CodeIgniter\View\View->render('admin/v_partners', [], true)
 5 APPPATH\Controllers\Admin\PartnerAdminController.php(46): view('admin/v_partners', [...])
 6 SYSTEMPATH\CodeIgniter.php(932): App\Controllers\Admin\PartnerAdminController->index()
 7 SYSTEMPATH\CodeIgniter.php(497): CodeIgniter\CodeIgniter->runController(Object(App\Controllers\Admin\PartnerAdminController))
 8 SYSTEMPATH\CodeIgniter.php(366): CodeIgniter\CodeIgniter->handleRequest(null, Object(Config\Cache), false)
 9 FCPATH\index.php(67): CodeIgniter\CodeIgniter->run()
10 SYSTEMPATH\Commands\Server\rewrite.php(47): require_once('D:\\Codeigniter\\ramadhanproject\\public\\index.php')
CRITICAL - 2025-03-12 01:24:58 --> Undefined index: category_name
in APPPATH\Views\admin\v_partners.php on line 76.
 1 APPPATH\Views\admin\v_partners.php(76): CodeIgniter\Debug\Exceptions->errorHandler(8, 'Undefined index: category_name', 'D:\\Codeigniter\\ramadhanproject\\app\\Views\\admin\\v_partners.php', 76, [...])
 2 SYSTEMPATH\View\View.php(224): include('D:\\Codeigniter\\ramadhanproject\\app\\Views\\admin\\v_partners.php')
 3 SYSTEMPATH\View\View.php(227): CodeIgniter\View\View->CodeIgniter\View\{closure}()
 4 SYSTEMPATH\Common.php(1180): CodeIgniter\View\View->render('admin/v_partners', [], true)
 5 APPPATH\Controllers\Admin\PartnerAdminController.php(46): view('admin/v_partners', [...])
 6 SYSTEMPATH\CodeIgniter.php(932): App\Controllers\Admin\PartnerAdminController->index()
 7 SYSTEMPATH\CodeIgniter.php(497): CodeIgniter\CodeIgniter->runController(Object(App\Controllers\Admin\PartnerAdminController))
 8 SYSTEMPATH\CodeIgniter.php(366): CodeIgniter\CodeIgniter->handleRequest(null, Object(Config\Cache), false)
 9 FCPATH\index.php(67): CodeIgniter\CodeIgniter->run()
10 SYSTEMPATH\Commands\Server\rewrite.php(47): require_once('D:\\Codeigniter\\ramadhanproject\\public\\index.php')
CRITICAL - 2025-03-12 01:33:43 --> Undefined index: category_name
in APPPATH\Views\admin\v_partners.php on line 76.
 1 APPPATH\Views\admin\v_partners.php(76): CodeIgniter\Debug\Exceptions->errorHandler(8, 'Undefined index: category_name', 'D:\\Codeigniter\\ramadhanproject\\app\\Views\\admin\\v_partners.php', 76, [...])
 2 SYSTEMPATH\View\View.php(224): include('D:\\Codeigniter\\ramadhanproject\\app\\Views\\admin\\v_partners.php')
 3 SYSTEMPATH\View\View.php(227): CodeIgniter\View\View->CodeIgniter\View\{closure}()
 4 SYSTEMPATH\Common.php(1180): CodeIgniter\View\View->render('admin/v_partners', [], true)
 5 APPPATH\Controllers\Admin\PartnerAdminController.php(46): view('admin/v_partners', [...])
 6 SYSTEMPATH\CodeIgniter.php(932): App\Controllers\Admin\PartnerAdminController->index()
 7 SYSTEMPATH\CodeIgniter.php(497): CodeIgniter\CodeIgniter->runController(Object(App\Controllers\Admin\PartnerAdminController))
 8 SYSTEMPATH\CodeIgniter.php(366): CodeIgniter\CodeIgniter->handleRequest(null, Object(Config\Cache), false)
 9 FCPATH\index.php(67): CodeIgniter\CodeIgniter->run()
10 SYSTEMPATH\Commands\Server\rewrite.php(47): require_once('D:\\Codeigniter\\ramadhanproject\\public\\index.php')
ERROR - 2025-03-12 01:43:48 --> mysqli_sql_exception: Duplicate entry 'https://google.com' for key 'partner_link' in D:\Codeigniter\ramadhanproject\vendor\codeigniter4\framework\system\Database\MySQLi\Connection.php:295
Stack trace:
#0 D:\Codeigniter\ramadhanproject\vendor\codeigniter4\framework\system\Database\MySQLi\Connection.php(295): mysqli->query('INSERT INTO `tb...', 0)
#1 D:\Codeigniter\ramadhanproject\vendor\codeigniter4\framework\system\Database\BaseConnection.php(692): CodeIgniter\Database\MySQLi\Connection->execute('INSERT INTO `tb...')
#2 D:\Codeigniter\ramadhanproject\vendor\codeigniter4\framework\system\Database\BaseConnection.php(606): CodeIgniter\Database\BaseConnection->simpleQuery('INSERT INTO `tb...')
#3 D:\Codeigniter\ramadhanproject\vendor\codeigniter4\framework\system\Database\BaseBuilder.php(2309): CodeIgniter\Database\BaseConnection->query('INSERT INTO `tb...', Array, false)
#4 D:\Codeigniter\ramadhanproject\vendor\codeigniter4\framework\system\Model.php(330): CodeIgniter\Database\BaseBuilder->insert()
#5 D:\Codeigniter\ramadhanproject\vendor\codeigniter4\framework\system\BaseModel.php(782): CodeIgniter\Model->doInsert(Array)
#6 D:\Codeigniter\ramadhanproject\vendor\codeigniter4\framework\system\Model.php(730): CodeIgniter\BaseModel->insert(Array, false)
#7 D:\Codeigniter\ramadhanproject\vendor\codeigniter4\framework\system\BaseModel.php(692): CodeIgniter\Model->insert(Array, false)
#8 D:\Codeigniter\ramadhanproject\app\Controllers\Admin\PartnerAdminController.php(123): CodeIgniter\BaseModel->save(Array)
#9 D:\Codeigniter\ramadhanproject\vendor\codeigniter4\framework\system\CodeIgniter.php(932): App\Controllers\Admin\PartnerAdminController->insert()
#10 D:\Codeigniter\ramadhanproject\vendor\codeigniter4\framework\system\CodeIgniter.php(497): CodeIgniter\CodeIgniter->runController(Object(App\Controllers\Admin\PartnerAdminController))
#11 D:\Codeigniter\ramadhanproject\vendor\codeigniter4\framework\system\CodeIgniter.php(366): CodeIgniter\CodeIgniter->handleRequest(NULL, Object(Config\Cache), false)
#12 D:\Codeigniter\ramadhanproject\public\index.php(67): CodeIgniter\CodeIgniter->run()
#13 D:\Codeigniter\ramadhanproject\vendor\codeigniter4\framework\system\Commands\Server\rewrite.php(47): require_once('D:\\Codeigniter\\...')
#14 {main}
CRITICAL - 2025-03-12 01:43:48 --> Duplicate entry 'https://google.com' for key 'partner_link'
in SYSTEMPATH\Database\MySQLi\Connection.php on line 295.
 1 SYSTEMPATH\Database\MySQLi\Connection.php(295): mysqli->query('INSERT INTO `tbl_partners` (`partner_name`, `partner_link`, `partner_desc`, `partner_date`, `category_id`, `partner_image`, `created_at`, `updated_at`) VALUES (\'KEMENAG RI\', \'https://google.com\', \'ok deh\', \'2025-03-13\', \'1\', \'default-partners.png\', \'2025-03-12 01:43:48\', \'2025-03-12 01:43:48\')', 0)
 2 SYSTEMPATH\Database\BaseConnection.php(692): CodeIgniter\Database\MySQLi\Connection->execute('INSERT INTO `tbl_partners` (`partner_name`, `partner_link`, `partner_desc`, `partner_date`, `category_id`, `partner_image`, `created_at`, `updated_at`) VALUES (\'KEMENAG RI\', \'https://google.com\', \'ok deh\', \'2025-03-13\', \'1\', \'default-partners.png\', \'2025-03-12 01:43:48\', \'2025-03-12 01:43:48\')')
 3 SYSTEMPATH\Database\BaseConnection.php(606): CodeIgniter\Database\BaseConnection->simpleQuery('INSERT INTO `tbl_partners` (`partner_name`, `partner_link`, `partner_desc`, `partner_date`, `category_id`, `partner_image`, `created_at`, `updated_at`) VALUES (\'KEMENAG RI\', \'https://google.com\', \'ok deh\', \'2025-03-13\', \'1\', \'default-partners.png\', \'2025-03-12 01:43:48\', \'2025-03-12 01:43:48\')')
 4 SYSTEMPATH\Database\BaseBuilder.php(2309): CodeIgniter\Database\BaseConnection->query('INSERT INTO `tbl_partners` (`partner_name`, `partner_link`, `partner_desc`, `partner_date`, `category_id`, `partner_image`, `created_at`, `updated_at`) VALUES (:partner_name:, :partner_link:, :partner_desc:, :partner_date:, :category_id:, :partner_image:, :created_at:, :updated_at:)', [...], false)
 5 SYSTEMPATH\Model.php(330): CodeIgniter\Database\BaseBuilder->insert()
 6 SYSTEMPATH\BaseModel.php(782): CodeIgniter\Model->doInsert([...])
 7 SYSTEMPATH\Model.php(730): CodeIgniter\BaseModel->insert([...], false)
 8 SYSTEMPATH\BaseModel.php(692): CodeIgniter\Model->insert([...], false)
 9 APPPATH\Controllers\Admin\PartnerAdminController.php(123): CodeIgniter\BaseModel->save([...])
10 SYSTEMPATH\CodeIgniter.php(932): App\Controllers\Admin\PartnerAdminController->insert()
11 SYSTEMPATH\CodeIgniter.php(497): CodeIgniter\CodeIgniter->runController(Object(App\Controllers\Admin\PartnerAdminController))
12 SYSTEMPATH\CodeIgniter.php(366): CodeIgniter\CodeIgniter->handleRequest(null, Object(Config\Cache), false)
13 FCPATH\index.php(67): CodeIgniter\CodeIgniter->run()
14 SYSTEMPATH\Commands\Server\rewrite.php(47): require_once('D:\\Codeigniter\\ramadhanproject\\public\\index.php')
