CRITICAL - 2025-03-06 00:40:32 --> Class 'App\Models\ProgramCategoryModel' not found
in APPPATH\Controllers\Admin\ProgramAdminController.php on line 17.
 1 SYSTEMPATH\CodeIgniter.php(904): App\Controllers\Admin\ProgramAdminController->__construct()
 2 SYSTEMPATH\CodeIgniter.php(488): CodeIgniter\CodeIgniter->createController()
 3 SYSTEMPATH\CodeIgniter.php(366): CodeIgniter\CodeIgniter->handleRequest(null, Object(Config\Cache), false)
 4 FCPATH\index.php(67): CodeIgniter\CodeIgniter->run()
 5 SYSTEMPATH\Commands\Server\rewrite.php(47): require_once('D:\\Codeigniter\\ramadhanproject\\public\\index.php')
CRITICAL - 2025-03-06 00:47:19 --> Undefined variable: site
in APPPATH\Views\layout\sidebar-dashboard.php on line 9.
 1 APPPATH\Views\layout\sidebar-dashboard.php(9): CodeIgniter\Debug\Exceptions->errorHandler(8, 'Undefined variable: site', 'D:\\Codeigniter\\ramadhanproject\\app\\Views\\layout\\sidebar-dashboard.php', 9, [...])
 2 SYSTEMPATH\View\View.php(224): include('D:\\Codeigniter\\ramadhanproject\\app\\Views\\layout\\sidebar-dashboard.php')
 3 SYSTEMPATH\View\View.php(227): CodeIgniter\View\View->CodeIgniter\View\{closure}()
 4 SYSTEMPATH\View\View.php(452): CodeIgniter\View\View->render('layout/sidebar-dashboard', null, true)
 5 APPPATH\Views\admin\v_programs.php(45): CodeIgniter\View\View->include('layout/sidebar-dashboard')
 6 SYSTEMPATH\View\View.php(224): include('D:\\Codeigniter\\ramadhanproject\\app\\Views\\admin\\v_programs.php')
 7 SYSTEMPATH\View\View.php(227): CodeIgniter\View\View->CodeIgniter\View\{closure}()
 8 SYSTEMPATH\Common.php(1180): CodeIgniter\View\View->render('admin/v_programs', [], true)
 9 APPPATH\Controllers\Admin\ProgramAdminController.php(27): view('admin/v_programs', [...])
10 SYSTEMPATH\CodeIgniter.php(932): App\Controllers\Admin\ProgramAdminController->index()
11 SYSTEMPATH\CodeIgniter.php(497): CodeIgniter\CodeIgniter->runController(Object(App\Controllers\Admin\ProgramAdminController))
12 SYSTEMPATH\CodeIgniter.php(366): CodeIgniter\CodeIgniter->handleRequest(null, Object(Config\Cache), false)
13 FCPATH\index.php(67): CodeIgniter\CodeIgniter->run()
14 SYSTEMPATH\Commands\Server\rewrite.php(47): require_once('D:\\Codeigniter\\ramadhanproject\\public\\index.php')
CRITICAL - 2025-03-06 00:48:54 --> Undefined variable: total_inbox
in APPPATH\Views\layout\sidebar-dashboard.php on line 24.
 1 APPPATH\Views\layout\sidebar-dashboard.php(24): CodeIgniter\Debug\Exceptions->errorHandler(8, 'Undefined variable: total_inbox', 'D:\\Codeigniter\\ramadhanproject\\app\\Views\\layout\\sidebar-dashboard.php', 24, [...])
 2 SYSTEMPATH\View\View.php(224): include('D:\\Codeigniter\\ramadhanproject\\app\\Views\\layout\\sidebar-dashboard.php')
 3 SYSTEMPATH\View\View.php(227): CodeIgniter\View\View->CodeIgniter\View\{closure}()
 4 SYSTEMPATH\View\View.php(452): CodeIgniter\View\View->render('layout/sidebar-dashboard', null, true)
 5 APPPATH\Views\admin\v_programs.php(45): CodeIgniter\View\View->include('layout/sidebar-dashboard')
 6 SYSTEMPATH\View\View.php(224): include('D:\\Codeigniter\\ramadhanproject\\app\\Views\\admin\\v_programs.php')
 7 SYSTEMPATH\View\View.php(227): CodeIgniter\View\View->CodeIgniter\View\{closure}()
 8 SYSTEMPATH\Common.php(1180): CodeIgniter\View\View->render('admin/v_programs', [], true)
 9 APPPATH\Controllers\Admin\ProgramAdminController.php(30): view('admin/v_programs', [...])
10 SYSTEMPATH\CodeIgniter.php(932): App\Controllers\Admin\ProgramAdminController->index()
11 SYSTEMPATH\CodeIgniter.php(497): CodeIgniter\CodeIgniter->runController(Object(App\Controllers\Admin\ProgramAdminController))
12 SYSTEMPATH\CodeIgniter.php(366): CodeIgniter\CodeIgniter->handleRequest(null, Object(Config\Cache), false)
13 FCPATH\index.php(67): CodeIgniter\CodeIgniter->run()
14 SYSTEMPATH\Commands\Server\rewrite.php(47): require_once('D:\\Codeigniter\\ramadhanproject\\public\\index.php')
CRITICAL - 2025-03-06 00:50:39 --> Undefined variable: inboxs
in APPPATH\Views\layout\sidebar-dashboard.php on line 32.
 1 APPPATH\Views\layout\sidebar-dashboard.php(32): CodeIgniter\Debug\Exceptions->errorHandler(8, 'Undefined variable: inboxs', 'D:\\Codeigniter\\ramadhanproject\\app\\Views\\layout\\sidebar-dashboard.php', 32, [...])
 2 SYSTEMPATH\View\View.php(224): include('D:\\Codeigniter\\ramadhanproject\\app\\Views\\layout\\sidebar-dashboard.php')
 3 SYSTEMPATH\View\View.php(227): CodeIgniter\View\View->CodeIgniter\View\{closure}()
 4 SYSTEMPATH\View\View.php(452): CodeIgniter\View\View->render('layout/sidebar-dashboard', null, true)
 5 APPPATH\Views\admin\v_programs.php(45): CodeIgniter\View\View->include('layout/sidebar-dashboard')
 6 SYSTEMPATH\View\View.php(224): include('D:\\Codeigniter\\ramadhanproject\\app\\Views\\admin\\v_programs.php')
 7 SYSTEMPATH\View\View.php(227): CodeIgniter\View\View->CodeIgniter\View\{closure}()
 8 SYSTEMPATH\Common.php(1180): CodeIgniter\View\View->render('admin/v_programs', [], true)
 9 APPPATH\Controllers\Admin\ProgramAdminController.php(33): view('admin/v_programs', [...])
10 SYSTEMPATH\CodeIgniter.php(932): App\Controllers\Admin\ProgramAdminController->index()
11 SYSTEMPATH\CodeIgniter.php(497): CodeIgniter\CodeIgniter->runController(Object(App\Controllers\Admin\ProgramAdminController))
12 SYSTEMPATH\CodeIgniter.php(366): CodeIgniter\CodeIgniter->handleRequest(null, Object(Config\Cache), false)
13 FCPATH\index.php(67): CodeIgniter\CodeIgniter->run()
14 SYSTEMPATH\Commands\Server\rewrite.php(47): require_once('D:\\Codeigniter\\ramadhanproject\\public\\index.php')
CRITICAL - 2025-03-06 00:50:59 --> Undefined variable: total_comment
in APPPATH\Views\layout\sidebar-dashboard.php on line 56.
 1 APPPATH\Views\layout\sidebar-dashboard.php(56): CodeIgniter\Debug\Exceptions->errorHandler(8, 'Undefined variable: total_comment', 'D:\\Codeigniter\\ramadhanproject\\app\\Views\\layout\\sidebar-dashboard.php', 56, [...])
 2 SYSTEMPATH\View\View.php(224): include('D:\\Codeigniter\\ramadhanproject\\app\\Views\\layout\\sidebar-dashboard.php')
 3 SYSTEMPATH\View\View.php(227): CodeIgniter\View\View->CodeIgniter\View\{closure}()
 4 SYSTEMPATH\View\View.php(452): CodeIgniter\View\View->render('layout/sidebar-dashboard', null, true)
 5 APPPATH\Views\admin\v_programs.php(45): CodeIgniter\View\View->include('layout/sidebar-dashboard')
 6 SYSTEMPATH\View\View.php(224): include('D:\\Codeigniter\\ramadhanproject\\app\\Views\\admin\\v_programs.php')
 7 SYSTEMPATH\View\View.php(227): CodeIgniter\View\View->CodeIgniter\View\{closure}()
 8 SYSTEMPATH\Common.php(1180): CodeIgniter\View\View->render('admin/v_programs', [], true)
 9 APPPATH\Controllers\Admin\ProgramAdminController.php(34): view('admin/v_programs', [...])
10 SYSTEMPATH\CodeIgniter.php(932): App\Controllers\Admin\ProgramAdminController->index()
11 SYSTEMPATH\CodeIgniter.php(497): CodeIgniter\CodeIgniter->runController(Object(App\Controllers\Admin\ProgramAdminController))
12 SYSTEMPATH\CodeIgniter.php(366): CodeIgniter\CodeIgniter->handleRequest(null, Object(Config\Cache), false)
13 FCPATH\index.php(67): CodeIgniter\CodeIgniter->run()
14 SYSTEMPATH\Commands\Server\rewrite.php(47): require_once('D:\\Codeigniter\\ramadhanproject\\public\\index.php')
CRITICAL - 2025-03-06 00:54:26 --> Undefined variable: akun
in APPPATH\Views\layout\sidebar-dashboard.php on line 86.
 1 APPPATH\Views\layout\sidebar-dashboard.php(86): CodeIgniter\Debug\Exceptions->errorHandler(8, 'Undefined variable: akun', 'D:\\Codeigniter\\ramadhanproject\\app\\Views\\layout\\sidebar-dashboard.php', 86, [...])
 2 SYSTEMPATH\View\View.php(224): include('D:\\Codeigniter\\ramadhanproject\\app\\Views\\layout\\sidebar-dashboard.php')
 3 SYSTEMPATH\View\View.php(227): CodeIgniter\View\View->CodeIgniter\View\{closure}()
 4 SYSTEMPATH\View\View.php(452): CodeIgniter\View\View->render('layout/sidebar-dashboard', null, true)
 5 APPPATH\Views\admin\v_programs.php(45): CodeIgniter\View\View->include('layout/sidebar-dashboard')
 6 SYSTEMPATH\View\View.php(224): include('D:\\Codeigniter\\ramadhanproject\\app\\Views\\admin\\v_programs.php')
 7 SYSTEMPATH\View\View.php(227): CodeIgniter\View\View->CodeIgniter\View\{closure}()
 8 SYSTEMPATH\Common.php(1180): CodeIgniter\View\View->render('admin/v_programs', [], true)
 9 APPPATH\Controllers\Admin\ProgramAdminController.php(38): view('admin/v_programs', [...])
10 SYSTEMPATH\CodeIgniter.php(932): App\Controllers\Admin\ProgramAdminController->index()
11 SYSTEMPATH\CodeIgniter.php(497): CodeIgniter\CodeIgniter->runController(Object(App\Controllers\Admin\ProgramAdminController))
12 SYSTEMPATH\CodeIgniter.php(366): CodeIgniter\CodeIgniter->handleRequest(null, Object(Config\Cache), false)
13 FCPATH\index.php(67): CodeIgniter\CodeIgniter->run()
14 SYSTEMPATH\Commands\Server\rewrite.php(47): require_once('D:\\Codeigniter\\ramadhanproject\\public\\index.php')
CRITICAL - 2025-03-06 00:55:51 --> Undefined variable: active
in APPPATH\Views\layout\sidebar-dashboard.php on line 135.
 1 APPPATH\Views\layout\sidebar-dashboard.php(135): CodeIgniter\Debug\Exceptions->errorHandler(8, 'Undefined variable: active', 'D:\\Codeigniter\\ramadhanproject\\app\\Views\\layout\\sidebar-dashboard.php', 135, [...])
 2 SYSTEMPATH\View\View.php(224): include('D:\\Codeigniter\\ramadhanproject\\app\\Views\\layout\\sidebar-dashboard.php')
 3 SYSTEMPATH\View\View.php(227): CodeIgniter\View\View->CodeIgniter\View\{closure}()
 4 SYSTEMPATH\View\View.php(452): CodeIgniter\View\View->render('layout/sidebar-dashboard', null, true)
 5 APPPATH\Views\admin\v_programs.php(45): CodeIgniter\View\View->include('layout/sidebar-dashboard')
 6 SYSTEMPATH\View\View.php(224): include('D:\\Codeigniter\\ramadhanproject\\app\\Views\\admin\\v_programs.php')
 7 SYSTEMPATH\View\View.php(227): CodeIgniter\View\View->CodeIgniter\View\{closure}()
 8 SYSTEMPATH\Common.php(1180): CodeIgniter\View\View->render('admin/v_programs', [], true)
 9 APPPATH\Controllers\Admin\ProgramAdminController.php(40): view('admin/v_programs', [...])
10 SYSTEMPATH\CodeIgniter.php(932): App\Controllers\Admin\ProgramAdminController->index()
11 SYSTEMPATH\CodeIgniter.php(497): CodeIgniter\CodeIgniter->runController(Object(App\Controllers\Admin\ProgramAdminController))
12 SYSTEMPATH\CodeIgniter.php(366): CodeIgniter\CodeIgniter->handleRequest(null, Object(Config\Cache), false)
13 FCPATH\index.php(67): CodeIgniter\CodeIgniter->run()
14 SYSTEMPATH\Commands\Server\rewrite.php(47): require_once('D:\\Codeigniter\\ramadhanproject\\public\\index.php')
CRITICAL - 2025-03-06 00:57:33 --> Invalid file: "admin/v_program_categories.php"
in SYSTEMPATH\Exceptions\FrameworkException.php on line 33.
 1 SYSTEMPATH\View\View.php(212): CodeIgniter\Exceptions\FrameworkException::forInvalidFile('admin/v_program_categories.php')
 2 SYSTEMPATH\Common.php(1180): CodeIgniter\View\View->render('admin/v_program_categories', [], true)
 3 APPPATH\Controllers\Admin\ProgramCategoryController.php(24): view('admin/v_program_categories', [...])
 4 SYSTEMPATH\CodeIgniter.php(932): App\Controllers\Admin\ProgramCategoryController->index()
 5 SYSTEMPATH\CodeIgniter.php(497): CodeIgniter\CodeIgniter->runController(Object(App\Controllers\Admin\ProgramCategoryController))
 6 SYSTEMPATH\CodeIgniter.php(366): CodeIgniter\CodeIgniter->handleRequest(null, Object(Config\Cache), false)
 7 FCPATH\index.php(67): CodeIgniter\CodeIgniter->run()
 8 SYSTEMPATH\Commands\Server\rewrite.php(47): require_once('D:\\Codeigniter\\ramadhanproject\\public\\index.php')
CRITICAL - 2025-03-06 00:57:55 --> Undefined variable: active
in APPPATH\Views\layout\sidebar-dashboard.php on line 135.
 1 APPPATH\Views\layout\sidebar-dashboard.php(135): CodeIgniter\Debug\Exceptions->errorHandler(8, 'Undefined variable: active', 'D:\\Codeigniter\\ramadhanproject\\app\\Views\\layout\\sidebar-dashboard.php', 135, [...])
 2 SYSTEMPATH\View\View.php(224): include('D:\\Codeigniter\\ramadhanproject\\app\\Views\\layout\\sidebar-dashboard.php')
 3 SYSTEMPATH\View\View.php(227): CodeIgniter\View\View->CodeIgniter\View\{closure}()
 4 SYSTEMPATH\View\View.php(452): CodeIgniter\View\View->render('layout/sidebar-dashboard', null, true)
 5 APPPATH\Views\admin\v_programs.php(45): CodeIgniter\View\View->include('layout/sidebar-dashboard')
 6 SYSTEMPATH\View\View.php(224): include('D:\\Codeigniter\\ramadhanproject\\app\\Views\\admin\\v_programs.php')
 7 SYSTEMPATH\View\View.php(227): CodeIgniter\View\View->CodeIgniter\View\{closure}()
 8 SYSTEMPATH\Common.php(1180): CodeIgniter\View\View->render('admin/v_programs', [], true)
 9 APPPATH\Controllers\Admin\ProgramAdminController.php(40): view('admin/v_programs', [...])
10 SYSTEMPATH\CodeIgniter.php(932): App\Controllers\Admin\ProgramAdminController->index()
11 SYSTEMPATH\CodeIgniter.php(497): CodeIgniter\CodeIgniter->runController(Object(App\Controllers\Admin\ProgramAdminController))
12 SYSTEMPATH\CodeIgniter.php(366): CodeIgniter\CodeIgniter->handleRequest(null, Object(Config\Cache), false)
13 FCPATH\index.php(67): CodeIgniter\CodeIgniter->run()
14 SYSTEMPATH\Commands\Server\rewrite.php(47): require_once('D:\\Codeigniter\\ramadhanproject\\public\\index.php')
CRITICAL - 2025-03-06 01:00:03 --> Undefined property: App\Controllers\Admin\ProgramAdminController::$active
in APPPATH\Controllers\Admin\ProgramAdminController.php on line 33.
 1 APPPATH\Controllers\Admin\ProgramAdminController.php(33): CodeIgniter\Debug\Exceptions->errorHandler(8, 'Undefined property: App\\Controllers\\Admin\\ProgramAdminController::$active', 'D:\\Codeigniter\\ramadhanproject\\app\\Controllers\\Admin\\ProgramAdminController.php', 33, [])
 2 SYSTEMPATH\CodeIgniter.php(932): App\Controllers\Admin\ProgramAdminController->index()
 3 SYSTEMPATH\CodeIgniter.php(497): CodeIgniter\CodeIgniter->runController(Object(App\Controllers\Admin\ProgramAdminController))
 4 SYSTEMPATH\CodeIgniter.php(366): CodeIgniter\CodeIgniter->handleRequest(null, Object(Config\Cache), false)
 5 FCPATH\index.php(67): CodeIgniter\CodeIgniter->run()
 6 SYSTEMPATH\Commands\Server\rewrite.php(47): require_once('D:\\Codeigniter\\ramadhanproject\\public\\index.php')
CRITICAL - 2025-03-06 01:00:50 --> Undefined variable: categories
in APPPATH\Views\admin\v_programs.php on line 135.
 1 APPPATH\Views\admin\v_programs.php(135): CodeIgniter\Debug\Exceptions->errorHandler(8, 'Undefined variable: categories', 'D:\\Codeigniter\\ramadhanproject\\app\\Views\\admin\\v_programs.php', 135, [...])
 2 SYSTEMPATH\View\View.php(224): include('D:\\Codeigniter\\ramadhanproject\\app\\Views\\admin\\v_programs.php')
 3 SYSTEMPATH\View\View.php(227): CodeIgniter\View\View->CodeIgniter\View\{closure}()
 4 SYSTEMPATH\Common.php(1180): CodeIgniter\View\View->render('admin/v_programs', [], true)
 5 APPPATH\Controllers\Admin\ProgramAdminController.php(46): view('admin/v_programs', [...])
 6 SYSTEMPATH\CodeIgniter.php(932): App\Controllers\Admin\ProgramAdminController->index()
 7 SYSTEMPATH\CodeIgniter.php(497): CodeIgniter\CodeIgniter->runController(Object(App\Controllers\Admin\ProgramAdminController))
 8 SYSTEMPATH\CodeIgniter.php(366): CodeIgniter\CodeIgniter->handleRequest(null, Object(Config\Cache), false)
 9 FCPATH\index.php(67): CodeIgniter\CodeIgniter->run()
10 SYSTEMPATH\Commands\Server\rewrite.php(47): require_once('D:\\Codeigniter\\ramadhanproject\\public\\index.php')
CRITICAL - 2025-03-06 01:12:44 --> Invalid file: "admin/v_program_categories.php"
in SYSTEMPATH\Exceptions\FrameworkException.php on line 33.
 1 SYSTEMPATH\View\View.php(212): CodeIgniter\Exceptions\FrameworkException::forInvalidFile('admin/v_program_categories.php')
 2 SYSTEMPATH\Common.php(1180): CodeIgniter\View\View->render('admin/v_program_categories', [], true)
 3 APPPATH\Controllers\Admin\ProgramCategoryController.php(24): view('admin/v_program_categories', [...])
 4 SYSTEMPATH\CodeIgniter.php(932): App\Controllers\Admin\ProgramCategoryController->index()
 5 SYSTEMPATH\CodeIgniter.php(497): CodeIgniter\CodeIgniter->runController(Object(App\Controllers\Admin\ProgramCategoryController))
 6 SYSTEMPATH\CodeIgniter.php(366): CodeIgniter\CodeIgniter->handleRequest(null, Object(Config\Cache), false)
 7 FCPATH\index.php(67): CodeIgniter\CodeIgniter->run()
 8 SYSTEMPATH\Commands\Server\rewrite.php(47): require_once('D:\\Codeigniter\\ramadhanproject\\public\\index.php')
CRITICAL - 2025-03-06 01:23:40 --> Undefined variable: site
in APPPATH\Views\layout\sidebar-dashboard.php on line 9.
 1 APPPATH\Views\layout\sidebar-dashboard.php(9): CodeIgniter\Debug\Exceptions->errorHandler(8, 'Undefined variable: site', 'D:\\Codeigniter\\ramadhanproject\\app\\Views\\layout\\sidebar-dashboard.php', 9, [...])
 2 SYSTEMPATH\View\View.php(224): include('D:\\Codeigniter\\ramadhanproject\\app\\Views\\layout\\sidebar-dashboard.php')
 3 SYSTEMPATH\View\View.php(227): CodeIgniter\View\View->CodeIgniter\View\{closure}()
 4 SYSTEMPATH\View\View.php(452): CodeIgniter\View\View->render('layout/sidebar-dashboard', null, true)
 5 APPPATH\Views\admin\v_program_categories.php(41): CodeIgniter\View\View->include('layout/sidebar-dashboard')
 6 SYSTEMPATH\View\View.php(224): include('D:\\Codeigniter\\ramadhanproject\\app\\Views\\admin\\v_program_categories.php')
 7 SYSTEMPATH\View\View.php(227): CodeIgniter\View\View->CodeIgniter\View\{closure}()
 8 SYSTEMPATH\Common.php(1180): CodeIgniter\View\View->render('admin/v_program_categories', [], true)
 9 APPPATH\Controllers\Admin\ProgramCategoryController.php(24): view('admin/v_program_categories', [...])
10 SYSTEMPATH\CodeIgniter.php(932): App\Controllers\Admin\ProgramCategoryController->index()
11 SYSTEMPATH\CodeIgniter.php(497): CodeIgniter\CodeIgniter->runController(Object(App\Controllers\Admin\ProgramCategoryController))
12 SYSTEMPATH\CodeIgniter.php(366): CodeIgniter\CodeIgniter->handleRequest(null, Object(Config\Cache), false)
13 FCPATH\index.php(67): CodeIgniter\CodeIgniter->run()
14 SYSTEMPATH\Commands\Server\rewrite.php(47): require_once('D:\\Codeigniter\\ramadhanproject\\public\\index.php')
ERROR - 2025-03-06 01:58:15 --> mysqli_sql_exception: Column 'category_name' cannot be null in D:\Codeigniter\ramadhanproject\vendor\codeigniter4\framework\system\Database\MySQLi\Connection.php:295
Stack trace:
#0 D:\Codeigniter\ramadhanproject\vendor\codeigniter4\framework\system\Database\MySQLi\Connection.php(295): mysqli->query('INSERT INTO `tb...', 0)
#1 D:\Codeigniter\ramadhanproject\vendor\codeigniter4\framework\system\Database\BaseConnection.php(692): CodeIgniter\Database\MySQLi\Connection->execute('INSERT INTO `tb...')
#2 D:\Codeigniter\ramadhanproject\vendor\codeigniter4\framework\system\Database\BaseConnection.php(606): CodeIgniter\Database\BaseConnection->simpleQuery('INSERT INTO `tb...')
#3 D:\Codeigniter\ramadhanproject\vendor\codeigniter4\framework\system\Database\BaseBuilder.php(2309): CodeIgniter\Database\BaseConnection->query('INSERT INTO `tb...', Array, false)
#4 D:\Codeigniter\ramadhanproject\vendor\codeigniter4\framework\system\Model.php(330): CodeIgniter\Database\BaseBuilder->insert()
#5 D:\Codeigniter\ramadhanproject\vendor\codeigniter4\framework\system\BaseModel.php(782): CodeIgniter\Model->doInsert(Array)
#6 D:\Codeigniter\ramadhanproject\vendor\codeigniter4\framework\system\Model.php(730): CodeIgniter\BaseModel->insert(Array, false)
#7 D:\Codeigniter\ramadhanproject\vendor\codeigniter4\framework\system\BaseModel.php(692): CodeIgniter\Model->insert(Array, false)
#8 D:\Codeigniter\ramadhanproject\app\Controllers\Admin\ProgramCategoryController.php(55): CodeIgniter\BaseModel->save(Array)
#9 D:\Codeigniter\ramadhanproject\vendor\codeigniter4\framework\system\CodeIgniter.php(932): App\Controllers\Admin\ProgramCategoryController->save()
#10 D:\Codeigniter\ramadhanproject\vendor\codeigniter4\framework\system\CodeIgniter.php(497): CodeIgniter\CodeIgniter->runController(Object(App\Controllers\Admin\ProgramCategoryController))
#11 D:\Codeigniter\ramadhanproject\vendor\codeigniter4\framework\system\CodeIgniter.php(366): CodeIgniter\CodeIgniter->handleRequest(NULL, Object(Config\Cache), false)
#12 D:\Codeigniter\ramadhanproject\public\index.php(67): CodeIgniter\CodeIgniter->run()
#13 D:\Codeigniter\ramadhanproject\vendor\codeigniter4\framework\system\Commands\Server\rewrite.php(47): require_once('D:\\Codeigniter\\...')
#14 {main}
CRITICAL - 2025-03-06 01:58:15 --> Column 'category_name' cannot be null
in SYSTEMPATH\Database\MySQLi\Connection.php on line 295.
 1 SYSTEMPATH\Database\MySQLi\Connection.php(295): mysqli->query('INSERT INTO `tbl_program_categories` (`category_name`, `category_slug`) VALUES (NULL, \'\')', 0)
 2 SYSTEMPATH\Database\BaseConnection.php(692): CodeIgniter\Database\MySQLi\Connection->execute('INSERT INTO `tbl_program_categories` (`category_name`, `category_slug`) VALUES (NULL, \'\')')
 3 SYSTEMPATH\Database\BaseConnection.php(606): CodeIgniter\Database\BaseConnection->simpleQuery('INSERT INTO `tbl_program_categories` (`category_name`, `category_slug`) VALUES (NULL, \'\')')
 4 SYSTEMPATH\Database\BaseBuilder.php(2309): CodeIgniter\Database\BaseConnection->query('INSERT INTO `tbl_program_categories` (`category_name`, `category_slug`) VALUES (:category_name:, :category_slug:)', [...], false)
 5 SYSTEMPATH\Model.php(330): CodeIgniter\Database\BaseBuilder->insert()
 6 SYSTEMPATH\BaseModel.php(782): CodeIgniter\Model->doInsert([...])
 7 SYSTEMPATH\Model.php(730): CodeIgniter\BaseModel->insert([...], false)
 8 SYSTEMPATH\BaseModel.php(692): CodeIgniter\Model->insert([...], false)
 9 APPPATH\Controllers\Admin\ProgramCategoryController.php(55): CodeIgniter\BaseModel->save([...])
10 SYSTEMPATH\CodeIgniter.php(932): App\Controllers\Admin\ProgramCategoryController->save()
11 SYSTEMPATH\CodeIgniter.php(497): CodeIgniter\CodeIgniter->runController(Object(App\Controllers\Admin\ProgramCategoryController))
12 SYSTEMPATH\CodeIgniter.php(366): CodeIgniter\CodeIgniter->handleRequest(null, Object(Config\Cache), false)
13 FCPATH\index.php(67): CodeIgniter\CodeIgniter->run()
14 SYSTEMPATH\Commands\Server\rewrite.php(47): require_once('D:\\Codeigniter\\ramadhanproject\\public\\index.php')
CRITICAL - 2025-03-06 02:15:30 --> Undefined index: id
in APPPATH\Views\admin\v_programs.php on line 117.
 1 APPPATH\Views\admin\v_programs.php(117): CodeIgniter\Debug\Exceptions->errorHandler(8, 'Undefined index: id', 'D:\\Codeigniter\\ramadhanproject\\app\\Views\\admin\\v_programs.php', 117, [...])
 2 SYSTEMPATH\View\View.php(224): include('D:\\Codeigniter\\ramadhanproject\\app\\Views\\admin\\v_programs.php')
 3 SYSTEMPATH\View\View.php(227): CodeIgniter\View\View->CodeIgniter\View\{closure}()
 4 SYSTEMPATH\Common.php(1180): CodeIgniter\View\View->render('admin/v_programs', [], true)
 5 APPPATH\Controllers\Admin\ProgramAdminController.php(46): view('admin/v_programs', [...])
 6 SYSTEMPATH\CodeIgniter.php(932): App\Controllers\Admin\ProgramAdminController->index()
 7 SYSTEMPATH\CodeIgniter.php(497): CodeIgniter\CodeIgniter->runController(Object(App\Controllers\Admin\ProgramAdminController))
 8 SYSTEMPATH\CodeIgniter.php(366): CodeIgniter\CodeIgniter->handleRequest(null, Object(Config\Cache), false)
 9 FCPATH\index.php(67): CodeIgniter\CodeIgniter->run()
10 SYSTEMPATH\Commands\Server\rewrite.php(47): require_once('D:\\Codeigniter\\ramadhanproject\\public\\index.php')
CRITICAL - 2025-03-06 02:16:12 --> Undefined index: kode
in APPPATH\Views\admin\v_programs.php on line 117.
 1 APPPATH\Views\admin\v_programs.php(117): CodeIgniter\Debug\Exceptions->errorHandler(8, 'Undefined index: kode', 'D:\\Codeigniter\\ramadhanproject\\app\\Views\\admin\\v_programs.php', 117, [...])
 2 SYSTEMPATH\View\View.php(224): include('D:\\Codeigniter\\ramadhanproject\\app\\Views\\admin\\v_programs.php')
 3 SYSTEMPATH\View\View.php(227): CodeIgniter\View\View->CodeIgniter\View\{closure}()
 4 SYSTEMPATH\Common.php(1180): CodeIgniter\View\View->render('admin/v_programs', [], true)
 5 APPPATH\Controllers\Admin\ProgramAdminController.php(46): view('admin/v_programs', [...])
 6 SYSTEMPATH\CodeIgniter.php(932): App\Controllers\Admin\ProgramAdminController->index()
 7 SYSTEMPATH\CodeIgniter.php(497): CodeIgniter\CodeIgniter->runController(Object(App\Controllers\Admin\ProgramAdminController))
 8 SYSTEMPATH\CodeIgniter.php(366): CodeIgniter\CodeIgniter->handleRequest(null, Object(Config\Cache), false)
 9 FCPATH\index.php(67): CodeIgniter\CodeIgniter->run()
10 SYSTEMPATH\Commands\Server\rewrite.php(47): require_once('D:\\Codeigniter\\ramadhanproject\\public\\index.php')
CRITICAL - 2025-03-06 02:17:22 --> Undefined index: id
in APPPATH\Views\admin\v_programs.php on line 117.
 1 APPPATH\Views\admin\v_programs.php(117): CodeIgniter\Debug\Exceptions->errorHandler(8, 'Undefined index: id', 'D:\\Codeigniter\\ramadhanproject\\app\\Views\\admin\\v_programs.php', 117, [...])
 2 SYSTEMPATH\View\View.php(224): include('D:\\Codeigniter\\ramadhanproject\\app\\Views\\admin\\v_programs.php')
 3 SYSTEMPATH\View\View.php(227): CodeIgniter\View\View->CodeIgniter\View\{closure}()
 4 SYSTEMPATH\Common.php(1180): CodeIgniter\View\View->render('admin/v_programs', [], true)
 5 APPPATH\Controllers\Admin\ProgramAdminController.php(46): view('admin/v_programs', [...])
 6 SYSTEMPATH\CodeIgniter.php(932): App\Controllers\Admin\ProgramAdminController->index()
 7 SYSTEMPATH\CodeIgniter.php(497): CodeIgniter\CodeIgniter->runController(Object(App\Controllers\Admin\ProgramAdminController))
 8 SYSTEMPATH\CodeIgniter.php(366): CodeIgniter\CodeIgniter->handleRequest(null, Object(Config\Cache), false)
 9 FCPATH\index.php(67): CodeIgniter\CodeIgniter->run()
10 SYSTEMPATH\Commands\Server\rewrite.php(47): require_once('D:\\Codeigniter\\ramadhanproject\\public\\index.php')
CRITICAL - 2025-03-06 02:40:21 --> Undefined index: id
in APPPATH\Views\admin\v_programs.php on line 117.
 1 APPPATH\Views\admin\v_programs.php(117): CodeIgniter\Debug\Exceptions->errorHandler(8, 'Undefined index: id', 'D:\\Codeigniter\\ramadhanproject\\app\\Views\\admin\\v_programs.php', 117, [...])
 2 SYSTEMPATH\View\View.php(224): include('D:\\Codeigniter\\ramadhanproject\\app\\Views\\admin\\v_programs.php')
 3 SYSTEMPATH\View\View.php(227): CodeIgniter\View\View->CodeIgniter\View\{closure}()
 4 SYSTEMPATH\Common.php(1180): CodeIgniter\View\View->render('admin/v_programs', [], true)
 5 APPPATH\Controllers\Admin\ProgramAdminController.php(46): view('admin/v_programs', [...])
 6 SYSTEMPATH\CodeIgniter.php(932): App\Controllers\Admin\ProgramAdminController->index()
 7 SYSTEMPATH\CodeIgniter.php(497): CodeIgniter\CodeIgniter->runController(Object(App\Controllers\Admin\ProgramAdminController))
 8 SYSTEMPATH\CodeIgniter.php(366): CodeIgniter\CodeIgniter->handleRequest(null, Object(Config\Cache), false)
 9 FCPATH\index.php(67): CodeIgniter\CodeIgniter->run()
10 SYSTEMPATH\Commands\Server\rewrite.php(47): require_once('D:\\Codeigniter\\ramadhanproject\\public\\index.php')
CRITICAL - 2025-03-06 15:27:48 --> Call to undefined method App\Models\ProgramCategoryModel::getAllCategoriesWithPosts
in SYSTEMPATH\Model.php on line 838.
 1 APPPATH\Controllers\Admin\ProgramAdminController.php(158): CodeIgniter\Model->__call('getAllCategoriesWithPosts', [])
 2 SYSTEMPATH\CodeIgniter.php(932): App\Controllers\Admin\ProgramAdminController->add_new()
 3 SYSTEMPATH\CodeIgniter.php(497): CodeIgniter\CodeIgniter->runController(Object(App\Controllers\Admin\ProgramAdminController))
 4 SYSTEMPATH\CodeIgniter.php(366): CodeIgniter\CodeIgniter->handleRequest(null, Object(Config\Cache), false)
 5 FCPATH\index.php(67): CodeIgniter\CodeIgniter->run()
 6 SYSTEMPATH\Commands\Server\rewrite.php(47): require_once('D:\\Codeigniter\\ramadhanproject\\public\\index.php')
CRITICAL - 2025-03-06 15:31:07 --> Undefined property: App\Controllers\Admin\ProgramAdminController::$tagModel
in APPPATH\Controllers\Admin\ProgramAdminController.php on line 159.
 1 APPPATH\Controllers\Admin\ProgramAdminController.php(159): CodeIgniter\Debug\Exceptions->errorHandler(8, 'Undefined property: App\\Controllers\\Admin\\ProgramAdminController::$tagModel', 'D:\\Codeigniter\\ramadhanproject\\app\\Controllers\\Admin\\ProgramAdminController.php', 159, [])
 2 SYSTEMPATH\CodeIgniter.php(932): App\Controllers\Admin\ProgramAdminController->add_new()
 3 SYSTEMPATH\CodeIgniter.php(497): CodeIgniter\CodeIgniter->runController(Object(App\Controllers\Admin\ProgramAdminController))
 4 SYSTEMPATH\CodeIgniter.php(366): CodeIgniter\CodeIgniter->handleRequest(null, Object(Config\Cache), false)
 5 FCPATH\index.php(67): CodeIgniter\CodeIgniter->run()
 6 SYSTEMPATH\Commands\Server\rewrite.php(47): require_once('D:\\Codeigniter\\ramadhanproject\\public\\index.php')
ERROR - 2025-03-06 15:58:48 --> mysqli_sql_exception: Table 'poroz.programs' doesn't exist in D:\Codeigniter\ramadhanproject\vendor\codeigniter4\framework\system\Database\MySQLi\Connection.php:295
Stack trace:
#0 D:\Codeigniter\ramadhanproject\vendor\codeigniter4\framework\system\Database\MySQLi\Connection.php(295): mysqli->query('SELECT 1\nFROM `...', 0)
#1 D:\Codeigniter\ramadhanproject\vendor\codeigniter4\framework\system\Database\BaseConnection.php(692): CodeIgniter\Database\MySQLi\Connection->execute('SELECT 1\nFROM `...')
#2 D:\Codeigniter\ramadhanproject\vendor\codeigniter4\framework\system\Database\BaseConnection.php(606): CodeIgniter\Database\BaseConnection->simpleQuery('SELECT 1\nFROM `...')
#3 D:\Codeigniter\ramadhanproject\vendor\codeigniter4\framework\system\Database\BaseBuilder.php(1616): CodeIgniter\Database\BaseConnection->query('SELECT 1\nFROM `...', Array, false)
#4 D:\Codeigniter\ramadhanproject\vendor\codeigniter4\framework\system\Validation\Rules.php(156): CodeIgniter\Database\BaseBuilder->get()
#5 D:\Codeigniter\ramadhanproject\vendor\codeigniter4\framework\system\Validation\Validation.php(278): CodeIgniter\Validation\Rules->is_unique('coba-program-pe...', 'program_slug', Array, NULL, 'slug')
#6 D:\Codeigniter\ramadhanproject\vendor\codeigniter4\framework\system\Validation\Validation.php(182): CodeIgniter\Validation\Validation->processRules('slug', 'slug', 'coba-program-pe...', Array, Array)
#7 D:\Codeigniter\ramadhanproject\vendor\codeigniter4\framework\system\Controller.php(140): CodeIgniter\Validation\Validation->run()
#8 D:\Codeigniter\ramadhanproject\app\Controllers\Admin\ProgramAdminController.php(71): CodeIgniter\Controller->validate(Array)
#9 D:\Codeigniter\ramadhanproject\vendor\codeigniter4\framework\system\CodeIgniter.php(932): App\Controllers\Admin\ProgramAdminController->publish()
#10 D:\Codeigniter\ramadhanproject\vendor\codeigniter4\framework\system\CodeIgniter.php(497): CodeIgniter\CodeIgniter->runController(Object(App\Controllers\Admin\ProgramAdminController))
#11 D:\Codeigniter\ramadhanproject\vendor\codeigniter4\framework\system\CodeIgniter.php(366): CodeIgniter\CodeIgniter->handleRequest(NULL, Object(Config\Cache), false)
#12 D:\Codeigniter\ramadhanproject\public\index.php(67): CodeIgniter\CodeIgniter->run()
#13 D:\Codeigniter\ramadhanproject\vendor\codeigniter4\framework\system\Commands\Server\rewrite.php(47): require_once('D:\\Codeigniter\\...')
#14 {main}
CRITICAL - 2025-03-06 15:58:48 --> Table 'poroz.programs' doesn't exist
in SYSTEMPATH\Database\MySQLi\Connection.php on line 295.
 1 SYSTEMPATH\Database\MySQLi\Connection.php(295): mysqli->query('SELECT 1
FROM `programs`
WHERE `program_slug` = \'coba-program-pertama-dengan-kategori-pelatihan\'
 LIMIT 1', 0)
 2 SYSTEMPATH\Database\BaseConnection.php(692): CodeIgniter\Database\MySQLi\Connection->execute('SELECT 1
FROM `programs`
WHERE `program_slug` = \'coba-program-pertama-dengan-kategori-pelatihan\'
 LIMIT 1')
 3 SYSTEMPATH\Database\BaseConnection.php(606): CodeIgniter\Database\BaseConnection->simpleQuery('SELECT 1
FROM `programs`
WHERE `program_slug` = \'coba-program-pertama-dengan-kategori-pelatihan\'
 LIMIT 1')
 4 SYSTEMPATH\Database\BaseBuilder.php(1616): CodeIgniter\Database\BaseConnection->query('SELECT 1
FROM `programs`
WHERE `program_slug` = :program_slug:
 LIMIT 1', [...], false)
 5 SYSTEMPATH\Validation\Rules.php(156): CodeIgniter\Database\BaseBuilder->get()
 6 SYSTEMPATH\Validation\Validation.php(278): CodeIgniter\Validation\Rules->is_unique('coba-program-pertama-dengan-kategori-pelatihan', 'program_slug', [...], null, 'slug')
 7 SYSTEMPATH\Validation\Validation.php(182): CodeIgniter\Validation\Validation->processRules('slug', 'slug', 'coba-program-pertama-dengan-kategori-pelatihan', [...], [...])
 8 SYSTEMPATH\Controller.php(140): CodeIgniter\Validation\Validation->run()
 9 APPPATH\Controllers\Admin\ProgramAdminController.php(71): CodeIgniter\Controller->validate([...])
10 SYSTEMPATH\CodeIgniter.php(932): App\Controllers\Admin\ProgramAdminController->publish()
11 SYSTEMPATH\CodeIgniter.php(497): CodeIgniter\CodeIgniter->runController(Object(App\Controllers\Admin\ProgramAdminController))
12 SYSTEMPATH\CodeIgniter.php(366): CodeIgniter\CodeIgniter->handleRequest(null, Object(Config\Cache), false)
13 FCPATH\index.php(67): CodeIgniter\CodeIgniter->run()
14 SYSTEMPATH\Commands\Server\rewrite.php(47): require_once('D:\\Codeigniter\\ramadhanproject\\public\\index.php')
ERROR - 2025-03-06 16:29:13 --> mysqli_sql_exception: Unknown column 'updated_at' in 'field list' in D:\Codeigniter\ramadhanproject\vendor\codeigniter4\framework\system\Database\MySQLi\Connection.php:295
Stack trace:
#0 D:\Codeigniter\ramadhanproject\vendor\codeigniter4\framework\system\Database\MySQLi\Connection.php(295): mysqli->query('INSERT INTO `tb...', 0)
#1 D:\Codeigniter\ramadhanproject\vendor\codeigniter4\framework\system\Database\BaseConnection.php(692): CodeIgniter\Database\MySQLi\Connection->execute('INSERT INTO `tb...')
#2 D:\Codeigniter\ramadhanproject\vendor\codeigniter4\framework\system\Database\BaseConnection.php(606): CodeIgniter\Database\BaseConnection->simpleQuery('INSERT INTO `tb...')
#3 D:\Codeigniter\ramadhanproject\vendor\codeigniter4\framework\system\Database\BaseBuilder.php(2309): CodeIgniter\Database\BaseConnection->query('INSERT INTO `tb...', Array, false)
#4 D:\Codeigniter\ramadhanproject\vendor\codeigniter4\framework\system\Model.php(330): CodeIgniter\Database\BaseBuilder->insert()
#5 D:\Codeigniter\ramadhanproject\vendor\codeigniter4\framework\system\BaseModel.php(782): CodeIgniter\Model->doInsert(Array)
#6 D:\Codeigniter\ramadhanproject\vendor\codeigniter4\framework\system\Model.php(730): CodeIgniter\BaseModel->insert(Array, false)
#7 D:\Codeigniter\ramadhanproject\vendor\codeigniter4\framework\system\BaseModel.php(692): CodeIgniter\Model->insert(Array, false)
#8 D:\Codeigniter\ramadhanproject\app\Controllers\Admin\ProgramAdminController.php(153): CodeIgniter\BaseModel->save(Array)
#9 D:\Codeigniter\ramadhanproject\vendor\codeigniter4\framework\system\CodeIgniter.php(932): App\Controllers\Admin\ProgramAdminController->publish()
#10 D:\Codeigniter\ramadhanproject\vendor\codeigniter4\framework\system\CodeIgniter.php(497): CodeIgniter\CodeIgniter->runController(Object(App\Controllers\Admin\ProgramAdminController))
#11 D:\Codeigniter\ramadhanproject\vendor\codeigniter4\framework\system\CodeIgniter.php(366): CodeIgniter\CodeIgniter->handleRequest(NULL, Object(Config\Cache), false)
#12 D:\Codeigniter\ramadhanproject\public\index.php(67): CodeIgniter\CodeIgniter->run()
#13 D:\Codeigniter\ramadhanproject\vendor\codeigniter4\framework\system\Commands\Server\rewrite.php(47): require_once('D:\\Codeigniter\\...')
#14 {main}
CRITICAL - 2025-03-06 16:29:13 --> Unknown column 'updated_at' in 'field list'
in SYSTEMPATH\Database\MySQLi\Connection.php on line 295.
 1 SYSTEMPATH\Database\MySQLi\Connection.php(295): mysqli->query('INSERT INTO `tbl_programs` (`program_description`, `program_image`, `program_date`, `program_slug`, `created_at`, `updated_at`) VALUES (NULL, \'default-program.png\', \'2025-03-06\', \'coba-program-pertama-dengan-kategori-pelatihan\', \'2025-03-06 16:29:13\', \'2025-03-06 16:29:13\')', 0)
 2 SYSTEMPATH\Database\BaseConnection.php(692): CodeIgniter\Database\MySQLi\Connection->execute('INSERT INTO `tbl_programs` (`program_description`, `program_image`, `program_date`, `program_slug`, `created_at`, `updated_at`) VALUES (NULL, \'default-program.png\', \'2025-03-06\', \'coba-program-pertama-dengan-kategori-pelatihan\', \'2025-03-06 16:29:13\', \'2025-03-06 16:29:13\')')
 3 SYSTEMPATH\Database\BaseConnection.php(606): CodeIgniter\Database\BaseConnection->simpleQuery('INSERT INTO `tbl_programs` (`program_description`, `program_image`, `program_date`, `program_slug`, `created_at`, `updated_at`) VALUES (NULL, \'default-program.png\', \'2025-03-06\', \'coba-program-pertama-dengan-kategori-pelatihan\', \'2025-03-06 16:29:13\', \'2025-03-06 16:29:13\')')
 4 SYSTEMPATH\Database\BaseBuilder.php(2309): CodeIgniter\Database\BaseConnection->query('INSERT INTO `tbl_programs` (`program_description`, `program_image`, `program_date`, `program_slug`, `created_at`, `updated_at`) VALUES (:program_description:, :program_image:, :program_date:, :program_slug.1:, :created_at:, :updated_at:)', [...], false)
 5 SYSTEMPATH\Model.php(330): CodeIgniter\Database\BaseBuilder->insert()
 6 SYSTEMPATH\BaseModel.php(782): CodeIgniter\Model->doInsert([...])
 7 SYSTEMPATH\Model.php(730): CodeIgniter\BaseModel->insert([...], false)
 8 SYSTEMPATH\BaseModel.php(692): CodeIgniter\Model->insert([...], false)
 9 APPPATH\Controllers\Admin\ProgramAdminController.php(153): CodeIgniter\BaseModel->save([...])
10 SYSTEMPATH\CodeIgniter.php(932): App\Controllers\Admin\ProgramAdminController->publish()
11 SYSTEMPATH\CodeIgniter.php(497): CodeIgniter\CodeIgniter->runController(Object(App\Controllers\Admin\ProgramAdminController))
12 SYSTEMPATH\CodeIgniter.php(366): CodeIgniter\CodeIgniter->handleRequest(null, Object(Config\Cache), false)
13 FCPATH\index.php(67): CodeIgniter\CodeIgniter->run()
14 SYSTEMPATH\Commands\Server\rewrite.php(47): require_once('D:\\Codeigniter\\ramadhanproject\\public\\index.php')
CRITICAL - 2025-03-06 16:33:09 --> Undefined index: id
in APPPATH\Views\admin\v_programs.php on line 151.
 1 APPPATH\Views\admin\v_programs.php(151): CodeIgniter\Debug\Exceptions->errorHandler(8, 'Undefined index: id', 'D:\\Codeigniter\\ramadhanproject\\app\\Views\\admin\\v_programs.php', 151, [...])
 2 SYSTEMPATH\View\View.php(224): include('D:\\Codeigniter\\ramadhanproject\\app\\Views\\admin\\v_programs.php')
 3 SYSTEMPATH\View\View.php(227): CodeIgniter\View\View->CodeIgniter\View\{closure}()
 4 SYSTEMPATH\Common.php(1180): CodeIgniter\View\View->render('admin/v_programs', [], true)
 5 APPPATH\Controllers\Admin\ProgramAdminController.php(46): view('admin/v_programs', [...])
 6 SYSTEMPATH\CodeIgniter.php(932): App\Controllers\Admin\ProgramAdminController->index()
 7 SYSTEMPATH\CodeIgniter.php(497): CodeIgniter\CodeIgniter->runController(Object(App\Controllers\Admin\ProgramAdminController))
 8 SYSTEMPATH\CodeIgniter.php(366): CodeIgniter\CodeIgniter->handleRequest(null, Object(Config\Cache), false)
 9 FCPATH\index.php(67): CodeIgniter\CodeIgniter->run()
10 SYSTEMPATH\Commands\Server\rewrite.php(47): require_once('D:\\Codeigniter\\ramadhanproject\\public\\index.php')
ERROR - 2025-03-06 16:46:41 --> mysqli_sql_exception: Cannot add or update a child row: a foreign key constraint fails (`poroz`.`tbl_programs`, CONSTRAINT `tbl_programs_ibfk_1` FOREIGN KEY (`category_id`) REFERENCES `tbl_program_categories` (`category_id`) ON DELETE SET NULL) in D:\Codeigniter\ramadhanproject\vendor\codeigniter4\framework\system\Database\MySQLi\Connection.php:295
Stack trace:
#0 D:\Codeigniter\ramadhanproject\vendor\codeigniter4\framework\system\Database\MySQLi\Connection.php(295): mysqli->query('INSERT INTO `tb...', 0)
#1 D:\Codeigniter\ramadhanproject\vendor\codeigniter4\framework\system\Database\BaseConnection.php(692): CodeIgniter\Database\MySQLi\Connection->execute('INSERT INTO `tb...')
#2 D:\Codeigniter\ramadhanproject\vendor\codeigniter4\framework\system\Database\BaseConnection.php(606): CodeIgniter\Database\BaseConnection->simpleQuery('INSERT INTO `tb...')
#3 D:\Codeigniter\ramadhanproject\vendor\codeigniter4\framework\system\Database\BaseBuilder.php(2309): CodeIgniter\Database\BaseConnection->query('INSERT INTO `tb...', Array, false)
#4 D:\Codeigniter\ramadhanproject\vendor\codeigniter4\framework\system\Model.php(330): CodeIgniter\Database\BaseBuilder->insert()
#5 D:\Codeigniter\ramadhanproject\vendor\codeigniter4\framework\system\BaseModel.php(782): CodeIgniter\Model->doInsert(Array)
#6 D:\Codeigniter\ramadhanproject\vendor\codeigniter4\framework\system\Model.php(730): CodeIgniter\BaseModel->insert(Array, false)
#7 D:\Codeigniter\ramadhanproject\vendor\codeigniter4\framework\system\BaseModel.php(692): CodeIgniter\Model->insert(Array, false)
#8 D:\Codeigniter\ramadhanproject\app\Controllers\Admin\ProgramAdminController.php(153): CodeIgniter\BaseModel->save(Array)
#9 D:\Codeigniter\ramadhanproject\vendor\codeigniter4\framework\system\CodeIgniter.php(932): App\Controllers\Admin\ProgramAdminController->publish()
#10 D:\Codeigniter\ramadhanproject\vendor\codeigniter4\framework\system\CodeIgniter.php(497): CodeIgniter\CodeIgniter->runController(Object(App\Controllers\Admin\ProgramAdminController))
#11 D:\Codeigniter\ramadhanproject\vendor\codeigniter4\framework\system\CodeIgniter.php(366): CodeIgniter\CodeIgniter->handleRequest(NULL, Object(Config\Cache), false)
#12 D:\Codeigniter\ramadhanproject\public\index.php(67): CodeIgniter\CodeIgniter->run()
#13 D:\Codeigniter\ramadhanproject\vendor\codeigniter4\framework\system\Commands\Server\rewrite.php(47): require_once('D:\\Codeigniter\\...')
#14 {main}
CRITICAL - 2025-03-06 16:46:41 --> Cannot add or update a child row: a foreign key constraint fails (`poroz`.`tbl_programs`, CONSTRAINT `tbl_programs_ibfk_1` FOREIGN KEY (`category_id`) REFERENCES `tbl_program_categories` (`category_id`) ON DELETE SET NULL)
in SYSTEMPATH\Database\MySQLi\Connection.php on line 295.
 1 SYSTEMPATH\Database\MySQLi\Connection.php(295): mysqli->query('INSERT INTO `tbl_programs` (`program_title`, `program_description`, `program_image`, `program_date`, `category_id`, `program_slug`, `created_at`, `updated_at`) VALUES (\'Uji coba kedua dengan kategori literasi\', NULL, \'default-program.png\', \'2025-03-04\', \'\', \'uji-coba-kedua-dengan-kategori-literasi\', \'2025-03-06 16:46:41\', \'2025-03-06 16:46:41\')', 0)
 2 SYSTEMPATH\Database\BaseConnection.php(692): CodeIgniter\Database\MySQLi\Connection->execute('INSERT INTO `tbl_programs` (`program_title`, `program_description`, `program_image`, `program_date`, `category_id`, `program_slug`, `created_at`, `updated_at`) VALUES (\'Uji coba kedua dengan kategori literasi\', NULL, \'default-program.png\', \'2025-03-04\', \'\', \'uji-coba-kedua-dengan-kategori-literasi\', \'2025-03-06 16:46:41\', \'2025-03-06 16:46:41\')')
 3 SYSTEMPATH\Database\BaseConnection.php(606): CodeIgniter\Database\BaseConnection->simpleQuery('INSERT INTO `tbl_programs` (`program_title`, `program_description`, `program_image`, `program_date`, `category_id`, `program_slug`, `created_at`, `updated_at`) VALUES (\'Uji coba kedua dengan kategori literasi\', NULL, \'default-program.png\', \'2025-03-04\', \'\', \'uji-coba-kedua-dengan-kategori-literasi\', \'2025-03-06 16:46:41\', \'2025-03-06 16:46:41\')')
 4 SYSTEMPATH\Database\BaseBuilder.php(2309): CodeIgniter\Database\BaseConnection->query('INSERT INTO `tbl_programs` (`program_title`, `program_description`, `program_image`, `program_date`, `category_id`, `program_slug`, `created_at`, `updated_at`) VALUES (:program_title:, :program_description:, :program_image:, :program_date:, :category_id:, :program_slug.1:, :created_at:, :updated_at:)', [...], false)
 5 SYSTEMPATH\Model.php(330): CodeIgniter\Database\BaseBuilder->insert()
 6 SYSTEMPATH\BaseModel.php(782): CodeIgniter\Model->doInsert([...])
 7 SYSTEMPATH\Model.php(730): CodeIgniter\BaseModel->insert([...], false)
 8 SYSTEMPATH\BaseModel.php(692): CodeIgniter\Model->insert([...], false)
 9 APPPATH\Controllers\Admin\ProgramAdminController.php(153): CodeIgniter\BaseModel->save([...])
10 SYSTEMPATH\CodeIgniter.php(932): App\Controllers\Admin\ProgramAdminController->publish()
11 SYSTEMPATH\CodeIgniter.php(497): CodeIgniter\CodeIgniter->runController(Object(App\Controllers\Admin\ProgramAdminController))
12 SYSTEMPATH\CodeIgniter.php(366): CodeIgniter\CodeIgniter->handleRequest(null, Object(Config\Cache), false)
13 FCPATH\index.php(67): CodeIgniter\CodeIgniter->run()
14 SYSTEMPATH\Commands\Server\rewrite.php(47): require_once('D:\\Codeigniter\\ramadhanproject\\public\\index.php')
CRITICAL - 2025-03-06 17:10:22 --> Undefined variable: program
in APPPATH\Views\admin\v_programs.php on line 73.
 1 APPPATH\Views\admin\v_programs.php(73): CodeIgniter\Debug\Exceptions->errorHandler(8, 'Undefined variable: program', 'D:\\Codeigniter\\ramadhanproject\\app\\Views\\admin\\v_programs.php', 73, [...])
 2 SYSTEMPATH\View\View.php(224): include('D:\\Codeigniter\\ramadhanproject\\app\\Views\\admin\\v_programs.php')
 3 SYSTEMPATH\View\View.php(227): CodeIgniter\View\View->CodeIgniter\View\{closure}()
 4 SYSTEMPATH\Common.php(1180): CodeIgniter\View\View->render('admin/v_programs', [], true)
 5 APPPATH\Controllers\Admin\ProgramAdminController.php(46): view('admin/v_programs', [...])
 6 SYSTEMPATH\CodeIgniter.php(932): App\Controllers\Admin\ProgramAdminController->index()
 7 SYSTEMPATH\CodeIgniter.php(497): CodeIgniter\CodeIgniter->runController(Object(App\Controllers\Admin\ProgramAdminController))
 8 SYSTEMPATH\CodeIgniter.php(366): CodeIgniter\CodeIgniter->handleRequest(null, Object(Config\Cache), false)
 9 FCPATH\index.php(67): CodeIgniter\CodeIgniter->run()
10 SYSTEMPATH\Commands\Server\rewrite.php(47): require_once('D:\\Codeigniter\\ramadhanproject\\public\\index.php')
