ERROR - 2025-06-09 04:18:41 --> mysqli_sql_exception: Duplicate entry 'https://google.com' for key 'partner_link' in D:\Codeigniter\ramadhanproject\vendor\codeigniter4\framework\system\Database\MySQLi\Connection.php:295
Stack trace:
#0 D:\Codeigniter\ramadhanproject\vendor\codeigniter4\framework\system\Database\MySQLi\Connection.php(295): mysqli->query('INSERT INTO `tb...', 0)
#1 D:\Codeigniter\ramadhanproject\vendor\codeigniter4\framework\system\Database\BaseConnection.php(692): CodeIgniter\Database\MySQLi\Connection->execute('INSERT INTO `tb...')
#2 D:\Codeigniter\ramadhanproject\vendor\codeigniter4\framework\system\Database\BaseConnection.php(606): CodeIgniter\Database\BaseConnection->simpleQuery('INSERT INTO `tb...')
#3 D:\Codeigniter\ramadhanproject\vendor\codeigniter4\framework\system\Database\BaseBuilder.php(2309): CodeIgniter\Database\BaseConnection->query('INSERT INTO `tb...', Array, false)
#4 D:\Codeigniter\ramadhanproject\vendor\codeigniter4\framework\system\Model.php(330): CodeIgniter\Database\BaseBuilder->insert()
#5 D:\Codeigniter\ramadhanproject\vendor\codeigniter4\framework\system\BaseModel.php(782): CodeIgniter\Model->doInsert(Array)
#6 D:\Codeigniter\ramadhanproject\vendor\codeigniter4\framework\system\Model.php(730): CodeIgniter\BaseModel->insert(Array, false)
#7 D:\Codeigniter\ramadhanproject\vendor\codeigniter4\framework\system\BaseModel.php(692): CodeIgniter\Model->insert(Array, false)
#8 D:\Codeigniter\ramadhanproject\app\Controllers\Admin\PartnerAdminController.php(123): CodeIgniter\BaseModel->save(Array)
#9 D:\Codeigniter\ramadhanproject\vendor\codeigniter4\framework\system\CodeIgniter.php(932): App\Controllers\Admin\PartnerAdminController->insert()
#10 D:\Codeigniter\ramadhanproject\vendor\codeigniter4\framework\system\CodeIgniter.php(497): CodeIgniter\CodeIgniter->runController(Object(App\Controllers\Admin\PartnerAdminController))
#11 D:\Codeigniter\ramadhanproject\vendor\codeigniter4\framework\system\CodeIgniter.php(366): CodeIgniter\CodeIgniter->handleRequest(NULL, Object(Config\Cache), false)
#12 D:\Codeigniter\ramadhanproject\public\index.php(67): CodeIgniter\CodeIgniter->run()
#13 D:\Codeigniter\ramadhanproject\vendor\codeigniter4\framework\system\Commands\Server\rewrite.php(47): require_once('D:\\Codeigniter\\...')
#14 {main}
CRITICAL - 2025-06-09 04:18:41 --> Duplicate entry 'https://google.com' for key 'partner_link'
in SYSTEMPATH\Database\MySQLi\Connection.php on line 295.
 1 SYSTEMPATH\Database\MySQLi\Connection.php(295): mysqli->query('INSERT INTO `tbl_partners` (`partner_name`, `partner_link`, `partner_desc`, `partner_date`, `category_id`, `partner_image`, `created_at`, `updated_at`) VALUES (\'Majelis Ulama Indonesia (MUI)\', \'https://google.com\', \'mui\', \'2025-03-22\', \'2\', \'1749460721_1b32d53f77df2bc3f76b.png\', \'2025-06-09 04:18:41\', \'2025-06-09 04:18:41\')', 0)
 2 SYSTEMPATH\Database\BaseConnection.php(692): CodeIgniter\Database\MySQLi\Connection->execute('INSERT INTO `tbl_partners` (`partner_name`, `partner_link`, `partner_desc`, `partner_date`, `category_id`, `partner_image`, `created_at`, `updated_at`) VALUES (\'Majelis Ulama Indonesia (MUI)\', \'https://google.com\', \'mui\', \'2025-03-22\', \'2\', \'1749460721_1b32d53f77df2bc3f76b.png\', \'2025-06-09 04:18:41\', \'2025-06-09 04:18:41\')')
 3 SYSTEMPATH\Database\BaseConnection.php(606): CodeIgniter\Database\BaseConnection->simpleQuery('INSERT INTO `tbl_partners` (`partner_name`, `partner_link`, `partner_desc`, `partner_date`, `category_id`, `partner_image`, `created_at`, `updated_at`) VALUES (\'Majelis Ulama Indonesia (MUI)\', \'https://google.com\', \'mui\', \'2025-03-22\', \'2\', \'1749460721_1b32d53f77df2bc3f76b.png\', \'2025-06-09 04:18:41\', \'2025-06-09 04:18:41\')')
 4 SYSTEMPATH\Database\BaseBuilder.php(2309): CodeIgniter\Database\BaseConnection->query('INSERT INTO `tbl_partners` (`partner_name`, `partner_link`, `partner_desc`, `partner_date`, `category_id`, `partner_image`, `created_at`, `updated_at`) VALUES (:partner_name:, :partner_link:, :partner_desc:, :partner_date:, :category_id:, :partner_image:, :created_at:, :updated_at:)', [...], false)
 5 SYSTEMPATH\Model.php(330): CodeIgniter\Database\BaseBuilder->insert()
 6 SYSTEMPATH\BaseModel.php(782): CodeIgniter\Model->doInsert([...])
 7 SYSTEMPATH\Model.php(730): CodeIgniter\BaseModel->insert([...], false)
 8 SYSTEMPATH\BaseModel.php(692): CodeIgniter\Model->insert([...], false)
 9 APPPATH\Controllers\Admin\PartnerAdminController.php(123): CodeIgniter\BaseModel->save([...])
10 SYSTEMPATH\CodeIgniter.php(932): App\Controllers\Admin\PartnerAdminController->insert()
11 SYSTEMPATH\CodeIgniter.php(497): CodeIgniter\CodeIgniter->runController(Object(App\Controllers\Admin\PartnerAdminController))
12 SYSTEMPATH\CodeIgniter.php(366): CodeIgniter\CodeIgniter->handleRequest(null, Object(Config\Cache), false)
13 FCPATH\index.php(67): CodeIgniter\CodeIgniter->run()
14 SYSTEMPATH\Commands\Server\rewrite.php(47): require_once('D:\\Codeigniter\\ramadhanproject\\public\\index.php')
ERROR - 2025-06-09 04:37:20 --> mysqli_sql_exception: Duplicate entry 'https://baznas.go.id/' for key 'partner_link' in D:\Codeigniter\ramadhanproject\vendor\codeigniter4\framework\system\Database\MySQLi\Connection.php:295
Stack trace:
#0 D:\Codeigniter\ramadhanproject\vendor\codeigniter4\framework\system\Database\MySQLi\Connection.php(295): mysqli->query('UPDATE `tbl_par...', 0)
#1 D:\Codeigniter\ramadhanproject\vendor\codeigniter4\framework\system\Database\BaseConnection.php(692): CodeIgniter\Database\MySQLi\Connection->execute('UPDATE `tbl_par...')
#2 D:\Codeigniter\ramadhanproject\vendor\codeigniter4\framework\system\Database\BaseConnection.php(606): CodeIgniter\Database\BaseConnection->simpleQuery('UPDATE `tbl_par...')
#3 D:\Codeigniter\ramadhanproject\vendor\codeigniter4\framework\system\Database\BaseBuilder.php(2476): CodeIgniter\Database\BaseConnection->query('UPDATE `tbl_par...', Array, false)
#4 D:\Codeigniter\ramadhanproject\vendor\codeigniter4\framework\system\Model.php(396): CodeIgniter\Database\BaseBuilder->update()
#5 D:\Codeigniter\ramadhanproject\vendor\codeigniter4\framework\system\BaseModel.php(943): CodeIgniter\Model->doUpdate(Array, Array)
#6 D:\Codeigniter\ramadhanproject\vendor\codeigniter4\framework\system\Model.php(756): CodeIgniter\BaseModel->update(Array, Array)
#7 D:\Codeigniter\ramadhanproject\app\Controllers\Admin\PartnerAdminController.php(207): CodeIgniter\Model->update('2', Array)
#8 D:\Codeigniter\ramadhanproject\vendor\codeigniter4\framework\system\CodeIgniter.php(932): App\Controllers\Admin\PartnerAdminController->update()
#9 D:\Codeigniter\ramadhanproject\vendor\codeigniter4\framework\system\CodeIgniter.php(497): CodeIgniter\CodeIgniter->runController(Object(App\Controllers\Admin\PartnerAdminController))
#10 D:\Codeigniter\ramadhanproject\vendor\codeigniter4\framework\system\CodeIgniter.php(366): CodeIgniter\CodeIgniter->handleRequest(NULL, Object(Config\Cache), false)
#11 D:\Codeigniter\ramadhanproject\public\index.php(67): CodeIgniter\CodeIgniter->run()
#12 D:\Codeigniter\ramadhanproject\vendor\codeigniter4\framework\system\Commands\Server\rewrite.php(47): require_once('D:\\Codeigniter\\...')
#13 {main}
CRITICAL - 2025-06-09 04:37:20 --> Duplicate entry 'https://baznas.go.id/' for key 'partner_link'
in SYSTEMPATH\Database\MySQLi\Connection.php on line 295.
 1 SYSTEMPATH\Database\MySQLi\Connection.php(295): mysqli->query('UPDATE `tbl_partners` SET `partner_name` = \'KEMENAG RI\', `partner_link` = \'https://baznas.go.id/\', `partner_desc` = \'Kerjasama Pembicara dan Praktisi\', `partner_date` = \'2025-03-27\', `category_id` = \'1\', `partner_image` = \'1749458976_c7224f0e92295acb11d6.png\', `updated_at` = \'2025-06-09 04:37:18\'
WHERE `tbl_partners`.`partner_id` IN (\'2\')', 0)
 2 SYSTEMPATH\Database\BaseConnection.php(692): CodeIgniter\Database\MySQLi\Connection->execute('UPDATE `tbl_partners` SET `partner_name` = \'KEMENAG RI\', `partner_link` = \'https://baznas.go.id/\', `partner_desc` = \'Kerjasama Pembicara dan Praktisi\', `partner_date` = \'2025-03-27\', `category_id` = \'1\', `partner_image` = \'1749458976_c7224f0e92295acb11d6.png\', `updated_at` = \'2025-06-09 04:37:18\'
WHERE `tbl_partners`.`partner_id` IN (\'2\')')
 3 SYSTEMPATH\Database\BaseConnection.php(606): CodeIgniter\Database\BaseConnection->simpleQuery('UPDATE `tbl_partners` SET `partner_name` = \'KEMENAG RI\', `partner_link` = \'https://baznas.go.id/\', `partner_desc` = \'Kerjasama Pembicara dan Praktisi\', `partner_date` = \'2025-03-27\', `category_id` = \'1\', `partner_image` = \'1749458976_c7224f0e92295acb11d6.png\', `updated_at` = \'2025-06-09 04:37:18\'
WHERE `tbl_partners`.`partner_id` IN (\'2\')')
 4 SYSTEMPATH\Database\BaseBuilder.php(2476): CodeIgniter\Database\BaseConnection->query('UPDATE `tbl_partners` SET `partner_name` = :partner_name:, `partner_link` = :partner_link:, `partner_desc` = :partner_desc:, `partner_date` = :partner_date:, `category_id` = :category_id:, `partner_image` = :partner_image:, `updated_at` = :updated_at:
WHERE `tbl_partners`.`partner_id` IN :tbl_partners.partner_id:', [...], false)
 5 SYSTEMPATH\Model.php(396): CodeIgniter\Database\BaseBuilder->update()
 6 SYSTEMPATH\BaseModel.php(943): CodeIgniter\Model->doUpdate([...], [...])
 7 SYSTEMPATH\Model.php(756): CodeIgniter\BaseModel->update([...], [...])
 8 APPPATH\Controllers\Admin\PartnerAdminController.php(207): CodeIgniter\Model->update('2', [...])
 9 SYSTEMPATH\CodeIgniter.php(932): App\Controllers\Admin\PartnerAdminController->update()
10 SYSTEMPATH\CodeIgniter.php(497): CodeIgniter\CodeIgniter->runController(Object(App\Controllers\Admin\PartnerAdminController))
11 SYSTEMPATH\CodeIgniter.php(366): CodeIgniter\CodeIgniter->handleRequest(null, Object(Config\Cache), false)
12 FCPATH\index.php(67): CodeIgniter\CodeIgniter->run()
13 SYSTEMPATH\Commands\Server\rewrite.php(47): require_once('D:\\Codeigniter\\ramadhanproject\\public\\index.php')
