CRITICAL - 2025-06-07 07:12:08 --> Undefined variable: list_kota
in APPPATH\Views\pages\prayer_time.php on line 17.
 1 APPPATH\Views\pages\prayer_time.php(17): CodeIgniter\Debug\Exceptions->errorHandler(8, 'Undefined variable: list_kota', 'D:\\Codeigniter\\ramadhanproject\\app\\Views\\pages\\prayer_time.php', 17, [...])
 2 SYSTEMPATH\View\View.php(224): include('D:\\Codeigniter\\ramadhanproject\\app\\Views\\pages\\prayer_time.php')
 3 SYSTEMPATH\View\View.php(227): CodeIgniter\View\View->CodeIgniter\View\{closure}()
 4 SYSTEMPATH\Common.php(1180): CodeIgniter\View\View->render('pages/prayer_time', [], true)
 5 APPPATH\Controllers\PrayerTimesController.php(23): view('pages/prayer_time', [...])
 6 SYSTEMPATH\CodeIgniter.php(932): App\Controllers\PrayerTimesController->index()
 7 SYSTEMPATH\CodeIgniter.php(497): CodeIgniter\CodeIgniter->runController(Object(App\Controllers\PrayerTimesController))
 8 SYSTEMPATH\CodeIgniter.php(366): CodeIgniter\CodeIgniter->handleRequest(null, Object(Config\Cache), false)
 9 FCPATH\index.php(67): CodeIgniter\CodeIgniter->run()
10 SYSTEMPATH\Commands\Server\rewrite.php(47): require_once('D:\\Codeigniter\\ramadhanproject\\public\\index.php')
CRITICAL - 2025-06-07 07:45:13 --> Undefined variable: tanggal_hari_ini
in APPPATH\Views\pages\prayer_time.php on line 25.
 1 APPPATH\Views\pages\prayer_time.php(25): CodeIgniter\Debug\Exceptions->errorHandler(8, 'Undefined variable: tanggal_hari_ini', 'D:\\Codeigniter\\ramadhanproject\\app\\Views\\pages\\prayer_time.php', 25, [...])
 2 SYSTEMPATH\View\View.php(224): include('D:\\Codeigniter\\ramadhanproject\\app\\Views\\pages\\prayer_time.php')
 3 SYSTEMPATH\View\View.php(227): CodeIgniter\View\View->CodeIgniter\View\{closure}()
 4 SYSTEMPATH\Common.php(1180): CodeIgniter\View\View->render('pages/prayer_time', [], true)
 5 APPPATH\Controllers\PrayerTimesController.php(51): view('pages/prayer_time', [...])
 6 SYSTEMPATH\CodeIgniter.php(932): App\Controllers\PrayerTimesController->index()
 7 SYSTEMPATH\CodeIgniter.php(497): CodeIgniter\CodeIgniter->runController(Object(App\Controllers\PrayerTimesController))
 8 SYSTEMPATH\CodeIgniter.php(366): CodeIgniter\CodeIgniter->handleRequest(null, Object(Config\Cache), false)
 9 FCPATH\index.php(67): CodeIgniter\CodeIgniter->run()
10 SYSTEMPATH\Commands\Server\rewrite.php(47): require_once('D:\\Codeigniter\\ramadhanproject\\public\\index.php')
CRITICAL - 2025-06-07 07:46:14 --> Undefined variable: tanggal_hari_ini
in APPPATH\Views\pages\prayer_time.php on line 25.
 1 APPPATH\Views\pages\prayer_time.php(25): CodeIgniter\Debug\Exceptions->errorHandler(8, 'Undefined variable: tanggal_hari_ini', 'D:\\Codeigniter\\ramadhanproject\\app\\Views\\pages\\prayer_time.php', 25, [...])
 2 SYSTEMPATH\View\View.php(224): include('D:\\Codeigniter\\ramadhanproject\\app\\Views\\pages\\prayer_time.php')
 3 SYSTEMPATH\View\View.php(227): CodeIgniter\View\View->CodeIgniter\View\{closure}()
 4 SYSTEMPATH\Common.php(1180): CodeIgniter\View\View->render('pages/prayer_time', [], true)
 5 APPPATH\Controllers\PrayerTimesController.php(51): view('pages/prayer_time', [...])
 6 SYSTEMPATH\CodeIgniter.php(932): App\Controllers\PrayerTimesController->index()
 7 SYSTEMPATH\CodeIgniter.php(497): CodeIgniter\CodeIgniter->runController(Object(App\Controllers\PrayerTimesController))
 8 SYSTEMPATH\CodeIgniter.php(366): CodeIgniter\CodeIgniter->handleRequest(null, Object(Config\Cache), false)
 9 FCPATH\index.php(67): CodeIgniter\CodeIgniter->run()
10 SYSTEMPATH\Commands\Server\rewrite.php(47): require_once('D:\\Codeigniter\\ramadhanproject\\public\\index.php')
CRITICAL - 2025-06-07 09:02:07 --> Undefined property: stdClass::$daerah
in APPPATH\Views\pages\prayer_time.php on line 34.
 1 APPPATH\Views\pages\prayer_time.php(34): CodeIgniter\Debug\Exceptions->errorHandler(8, 'Undefined property: stdClass::$daerah', 'D:\\Codeigniter\\ramadhanproject\\app\\Views\\pages\\prayer_time.php', 34, [...])
 2 SYSTEMPATH\View\View.php(224): include('D:\\Codeigniter\\ramadhanproject\\app\\Views\\pages\\prayer_time.php')
 3 SYSTEMPATH\View\View.php(227): CodeIgniter\View\View->CodeIgniter\View\{closure}()
 4 SYSTEMPATH\Common.php(1180): CodeIgniter\View\View->render('pages/prayer_time', [], true)
 5 APPPATH\Controllers\PrayerTimesController.php(52): view('pages/prayer_time', [...])
 6 SYSTEMPATH\CodeIgniter.php(932): App\Controllers\PrayerTimesController->index()
 7 SYSTEMPATH\CodeIgniter.php(497): CodeIgniter\CodeIgniter->runController(Object(App\Controllers\PrayerTimesController))
 8 SYSTEMPATH\CodeIgniter.php(366): CodeIgniter\CodeIgniter->handleRequest(null, Object(Config\Cache), false)
 9 FCPATH\index.php(67): CodeIgniter\CodeIgniter->run()
10 SYSTEMPATH\Commands\Server\rewrite.php(47): require_once('D:\\Codeigniter\\ramadhanproject\\public\\index.php')
CRITICAL - 2025-06-07 09:03:56 --> Undefined property: stdClass::$daerah
in APPPATH\Views\pages\prayer_time.php on line 34.
 1 APPPATH\Views\pages\prayer_time.php(34): CodeIgniter\Debug\Exceptions->errorHandler(8, 'Undefined property: stdClass::$daerah', 'D:\\Codeigniter\\ramadhanproject\\app\\Views\\pages\\prayer_time.php', 34, [...])
 2 SYSTEMPATH\View\View.php(224): include('D:\\Codeigniter\\ramadhanproject\\app\\Views\\pages\\prayer_time.php')
 3 SYSTEMPATH\View\View.php(227): CodeIgniter\View\View->CodeIgniter\View\{closure}()
 4 SYSTEMPATH\Common.php(1180): CodeIgniter\View\View->render('pages/prayer_time', [], true)
 5 APPPATH\Controllers\PrayerTimesController.php(57): view('pages/prayer_time', [...])
 6 SYSTEMPATH\CodeIgniter.php(932): App\Controllers\PrayerTimesController->index()
 7 SYSTEMPATH\CodeIgniter.php(497): CodeIgniter\CodeIgniter->runController(Object(App\Controllers\PrayerTimesController))
 8 SYSTEMPATH\CodeIgniter.php(366): CodeIgniter\CodeIgniter->handleRequest(null, Object(Config\Cache), false)
 9 FCPATH\index.php(67): CodeIgniter\CodeIgniter->run()
10 SYSTEMPATH\Commands\Server\rewrite.php(47): require_once('D:\\Codeigniter\\ramadhanproject\\public\\index.php')
CRITICAL - 2025-06-07 09:04:35 --> Undefined property: stdClass::$daerah
in APPPATH\Views\pages\prayer_time.php on line 34.
 1 APPPATH\Views\pages\prayer_time.php(34): CodeIgniter\Debug\Exceptions->errorHandler(8, 'Undefined property: stdClass::$daerah', 'D:\\Codeigniter\\ramadhanproject\\app\\Views\\pages\\prayer_time.php', 34, [...])
 2 SYSTEMPATH\View\View.php(224): include('D:\\Codeigniter\\ramadhanproject\\app\\Views\\pages\\prayer_time.php')
 3 SYSTEMPATH\View\View.php(227): CodeIgniter\View\View->CodeIgniter\View\{closure}()
 4 SYSTEMPATH\Common.php(1180): CodeIgniter\View\View->render('pages/prayer_time', [], true)
 5 APPPATH\Controllers\PrayerTimesController.php(55): view('pages/prayer_time', [...])
 6 SYSTEMPATH\CodeIgniter.php(932): App\Controllers\PrayerTimesController->index()
 7 SYSTEMPATH\CodeIgniter.php(497): CodeIgniter\CodeIgniter->runController(Object(App\Controllers\PrayerTimesController))
 8 SYSTEMPATH\CodeIgniter.php(366): CodeIgniter\CodeIgniter->handleRequest(null, Object(Config\Cache), false)
 9 FCPATH\index.php(67): CodeIgniter\CodeIgniter->run()
10 SYSTEMPATH\Commands\Server\rewrite.php(47): require_once('D:\\Codeigniter\\ramadhanproject\\public\\index.php')
